ARM GAS  /var/folders/kw/_ttbspv15096pc01cxzg7nyh0000gn/T//cc9Ss2Bm.s 			page 1


   1              		.file	"main.c"
   2              	@ GNU C (GCC) version 4.6.1 (arm-elf)
   3              	@	compiled by GNU C version 4.0.1 (Apple Inc. build 5494), GMP version 5.0.2, MPFR version 3.0.1, M
   4              	@ GGC heuristics: --param ggc-min-expand=100 --param ggc-min-heapsize=131072
   5              	@ options passed:  -I sources -I /usr/local/dev-arm/arm-dev-files/sources
   6              	@ -I ../sources-communs
   7              	@ -iprefix /usr/local/dev-arm/i386-Darwin-arm-gcc-4.6.1/bin/../lib/gcc/arm-elf/4.6.1/
   8              	@ -MD zBUILDS/main.c.d -MF zBUILDS/main.c.o.dep -MP -MQ zBUILDS/main.c.o
   9              	@ -D__USES_INITFINI__ -D XTR_CLASS=0 -D LPC22XX_CRYSTAL_FREQUENCY=14745600
  10              	@ -D LPC22XX_PLL_FREQUENCY_MULTIPLIER=4 -D LPC22XX_APB_DIVIDER=1
  11              	@ sources/main.c -mcpu=arm7tdmi-s -mcpu=arm7tdmi-s
  12              	@ -auxbase-strip zBUILDS/main.c.o -O2 -Wall -Werror -Wreturn-type -Wformat
  13              	@ -Wsign-compare -Wpointer-arith -Wparentheses -Wcast-align -Wcast-qual
  14              	@ -Wwrite-strings -Wswitch -Wstrict-prototypes -Wbad-function-cast
  15              	@ -Wmissing-declarations -Wimplicit-function-declaration
  16              	@ -Wno-int-to-pointer-cast -Wno-pointer-to-int-cast -fverbose-asm
  17              	@ -fomit-frame-pointer -foptimize-register-move
  18              	@ options enabled:  -fauto-inc-dec -fbranch-count-reg -fcaller-saves
  19              	@ -fcombine-stack-adjustments -fcommon -fcompare-elim -fcprop-registers
  20              	@ -fcrossjumping -fcse-follow-jumps -fdefer-pop
  21              	@ -fdelete-null-pointer-checks -fdevirtualize -fdwarf2-cfi-asm
  22              	@ -fearly-inlining -feliminate-unused-debug-types -fexpensive-optimizations
  23              	@ -fforward-propagate -ffunction-cse -fgcse -fgcse-lm
  24              	@ -fguess-branch-probability -fident -fif-conversion -fif-conversion2
  25              	@ -findirect-inlining -finline -finline-functions-called-once
  26              	@ -finline-small-functions -fipa-cp -fipa-profile -fipa-pure-const
  27              	@ -fipa-reference -fipa-sra -fira-share-save-slots -fira-share-spill-slots
  28              	@ -fivopts -fkeep-static-consts -fleading-underscore -fmath-errno
  29              	@ -fmerge-constants -fmerge-debug-strings -fmove-loop-invariants
  30              	@ -fomit-frame-pointer -foptimize-register-move -foptimize-sibling-calls
  31              	@ -fpartial-inlining -fpeephole -fpeephole2 -fprefetch-loop-arrays
  32              	@ -freg-struct-return -fregmove -freorder-blocks -freorder-functions
  33              	@ -frerun-cse-after-loop -fsched-critical-path-heuristic
  34              	@ -fsched-dep-count-heuristic -fsched-group-heuristic -fsched-interblock
  35              	@ -fsched-last-insn-heuristic -fsched-rank-heuristic -fsched-spec
  36              	@ -fsched-spec-insn-heuristic -fsched-stalled-insns-dep -fschedule-insns
  37              	@ -fschedule-insns2 -fsection-anchors -fshow-column -fsigned-zeros
  38              	@ -fsplit-ivs-in-unroller -fsplit-wide-types -fstrict-aliasing
  39              	@ -fstrict-overflow -fstrict-volatile-bitfields -fthread-jumps
  40              	@ -ftoplevel-reorder -ftrapping-math -ftree-bit-ccp -ftree-builtin-call-dce
  41              	@ -ftree-ccp -ftree-ch -ftree-copy-prop -ftree-copyrename -ftree-cselim
  42              	@ -ftree-dce -ftree-dominator-opts -ftree-dse -ftree-forwprop -ftree-fre
  43              	@ -ftree-loop-if-convert -ftree-loop-im -ftree-loop-ivcanon
  44              	@ -ftree-loop-optimize -ftree-parallelize-loops= -ftree-phiprop -ftree-pre
  45              	@ -ftree-pta -ftree-reassoc -ftree-scev-cprop -ftree-sink
  46              	@ -ftree-slp-vectorize -ftree-sra -ftree-switch-conversion -ftree-ter
  47              	@ -ftree-vect-loop-version -ftree-vrp -funit-at-a-time -fverbose-asm
  48              	@ -fzero-initialized-in-bss -mlittle-endian -msched-prolog
  49              	
  50              	@ Compiler executable checksum: de80e2dacb9f8abf918a9a189330559b
  51              	
  52              		.text
  53              		.align	2
  54              		.type	isr_compteur_0, %function
  55              	isr_compteur_0:
  56              		@ args = 0, pretend = 0, frame = 0
  57              		@ frame_needed = 0, uses_anonymous_args = 0
ARM GAS  /var/folders/kw/_ttbspv15096pc01cxzg7nyh0000gn/T//cc9Ss2Bm.s 			page 2


  58              		@ link register save eliminated.
  59 0000 18309FE5 		ldr	r3, .L2	@ tmp136,
  60 0004 0120A0E3 		mov	r2, #1	@ tmp137,
  61 0008 002083E5 		str	r2, [r3, #0]	@ tmp137, MEM[(volatile uint32 *)-536854528B]
  62 000c 10309FE5 		ldr	r3, .L2+4	@ tmp138,
  63 0010 002093E5 		ldr	r2, [r3, #0]	@ gCompteur.1, gCompteur
  64 0014 012082E2 		add	r2, r2, #1	@ gCompteur.2, gCompteur.1,
  65 0018 002083E5 		str	r2, [r3, #0]	@ gCompteur.2, gCompteur
  66 001c 1EFF2FE1 		bx	lr	@
  67              	.L3:
  68              		.align	2
  69              	.L2:
  70 0020 004000E0 		.word	-536854528
  71 0024 00000000 		.word	.LANCHOR0
  72              		.size	isr_compteur_0, .-isr_compteur_0
  73              		.section	.text.startup,"ax",%progbits
  74              		.align	2
  75              		.global	main
  76              		.type	main, %function
  77              	main:
  78              		@ args = 0, pretend = 0, frame = 0
  79              		@ frame_needed = 0, uses_anonymous_args = 0
  80 0000 30402DE9 		stmfd	sp!, {r4, r5, lr}	@,
  81 0004 54409FE5 		ldr	r4, .L11	@ tmp148,
  82 0008 183094E5 		ldr	r3, [r4, #24]	@ D.1940, MEM[(volatile uint32 *)-536707048B]
  83 000c 0255A0E3 		mov	r5, #8388608	@ tmp151,
  84 0010 053083E1 		orr	r3, r3, r5	@ D.1941, D.1940,
  85 0014 183084E5 		str	r3, [r4, #24]	@ D.1941, MEM[(volatile uint32 *)-536707048B]
  86 0018 44109FE5 		ldr	r1, .L11+4	@,
  87 001c 145084E5 		str	r5, [r4, #20]	@ tmp151, MEM[(volatile uint32 *)-536707052B]
  88 0020 0900A0E3 		mov	r0, #9	@,
  89 0024 1C5084E5 		str	r5, [r4, #28]	@ tmp151, MEM[(volatile uint32 *)-536707044B]
  90 0028 FEFFFFEB 		bl	initialiser_compteur_0_it	@
  91 002c 34309FE5 		ldr	r3, .L11+8	@ tmp161,
  92 0030 0010A0E3 		mov	r1, #0	@ echeance,
  93              	.L7:
  94 0034 1C5084E5 		str	r5, [r4, #28]	@ MEM[(volatile uint32 *)-536707044B], MEM[(volatile uint32 *)-536707044B]
  95 0038 7D0F81E2 		add	r0, r1, #500	@ echeance, echeance,
  96              	.L5:
  97 003c 002093E5 		ldr	r2, [r3, #0]	@ gCompteur.0, gCompteur
  98 0040 020050E1 		cmp	r0, r2	@ echeance, gCompteur.0
  99 0044 FCFFFF8A 		bhi	.L5	@,
 100 0048 145084E5 		str	r5, [r4, #20]	@ MEM[(volatile uint32 *)-536707044B], MEM[(volatile uint32 *)-536707052B]
 101 004c FA1F81E2 		add	r1, r1, #1000	@ echeance, echeance,
 102              	.L6:
 103 0050 002093E5 		ldr	r2, [r3, #0]	@ gCompteur.0, gCompteur
 104 0054 020051E1 		cmp	r1, r2	@ echeance, gCompteur.0
 105 0058 FCFFFF8A 		bhi	.L6	@,
 106 005c F4FFFFEA 		b	.L7	@
 107              	.L12:
 108              		.align	2
 109              	.L11:
 110 0060 008002E0 		.word	-536707072
 111 0064 00000000 		.word	isr_compteur_0
 112 0068 00000000 		.word	.LANCHOR0
 113              		.size	main, .-main
 114              		.bss
ARM GAS  /var/folders/kw/_ttbspv15096pc01cxzg7nyh0000gn/T//cc9Ss2Bm.s 			page 3


 115              		.align	2
 116              		.set	.LANCHOR0,. + 0
 117              		.type	gCompteur, %object
 118              		.size	gCompteur, 4
 119              	gCompteur:
 120 0000 00000000 		.space	4
 121              		.ident	"GCC: (GNU) 4.6.1"
ARM GAS  /var/folders/kw/_ttbspv15096pc01cxzg7nyh0000gn/T//cc9Ss2Bm.s 			page 4


DEFINED SYMBOLS
                            *ABS*:00000000 main.c
/var/folders/kw/_ttbspv15096pc01cxzg7nyh0000gn/T//cc9Ss2Bm.s:53     .text:00000000 $a
/var/folders/kw/_ttbspv15096pc01cxzg7nyh0000gn/T//cc9Ss2Bm.s:55     .text:00000000 isr_compteur_0
/var/folders/kw/_ttbspv15096pc01cxzg7nyh0000gn/T//cc9Ss2Bm.s:70     .text:00000020 $d
/var/folders/kw/_ttbspv15096pc01cxzg7nyh0000gn/T//cc9Ss2Bm.s:74     .text.startup:00000000 $a
/var/folders/kw/_ttbspv15096pc01cxzg7nyh0000gn/T//cc9Ss2Bm.s:77     .text.startup:00000000 main
/var/folders/kw/_ttbspv15096pc01cxzg7nyh0000gn/T//cc9Ss2Bm.s:110    .text.startup:00000060 $d
/var/folders/kw/_ttbspv15096pc01cxzg7nyh0000gn/T//cc9Ss2Bm.s:115    .bss:00000000 $d
/var/folders/kw/_ttbspv15096pc01cxzg7nyh0000gn/T//cc9Ss2Bm.s:119    .bss:00000000 gCompteur

UNDEFINED SYMBOLS
initialiser_compteur_0_it
