ARM GAS  /var/folders/kw/_ttbspv15096pc01cxzg7nyh0000gn/T//ccQVba8V.s 			page 1


   1              		.file	"main.c"
   2              	@ GNU C (GCC) version 4.6.1 (arm-elf)
   3              	@	compiled by GNU C version 4.0.1 (Apple Inc. build 5494), GMP version 5.0.2, MPFR version 3.0.1, M
   4              	@ GGC heuristics: --param ggc-min-expand=100 --param ggc-min-heapsize=131072
   5              	@ options passed:  -I sources -I /usr/local/dev-arm/arm-dev-files/sources
   6              	@ -iprefix /usr/local/dev-arm/i386-Darwin-arm-gcc-4.6.1/bin/../lib/gcc/arm-elf/4.6.1/
   7              	@ -MD zBUILDS/main.c.d -MF zBUILDS/main.c.o.dep -MP -MQ zBUILDS/main.c.o
   8              	@ -D__USES_INITFINI__ -D XTR_CLASS=0 -D LPC22XX_CRYSTAL_FREQUENCY=14745600
   9              	@ -D LPC22XX_PLL_FREQUENCY_MULTIPLIER=4 -D LPC22XX_APB_DIVIDER=1
  10              	@ sources/main.c -mcpu=arm7tdmi-s -mcpu=arm7tdmi-s
  11              	@ -auxbase-strip zBUILDS/main.c.o -O2 -Wall -Werror -Wreturn-type -Wformat
  12              	@ -Wsign-compare -Wpointer-arith -Wparentheses -Wcast-align -Wcast-qual
  13              	@ -Wwrite-strings -Wswitch -Wstrict-prototypes -Wbad-function-cast
  14              	@ -Wmissing-declarations -Wimplicit-function-declaration
  15              	@ -Wno-int-to-pointer-cast -Wno-pointer-to-int-cast -fverbose-asm
  16              	@ -fomit-frame-pointer -foptimize-register-move
  17              	@ options enabled:  -fauto-inc-dec -fbranch-count-reg -fcaller-saves
  18              	@ -fcombine-stack-adjustments -fcommon -fcompare-elim -fcprop-registers
  19              	@ -fcrossjumping -fcse-follow-jumps -fdefer-pop
  20              	@ -fdelete-null-pointer-checks -fdevirtualize -fdwarf2-cfi-asm
  21              	@ -fearly-inlining -feliminate-unused-debug-types -fexpensive-optimizations
  22              	@ -fforward-propagate -ffunction-cse -fgcse -fgcse-lm
  23              	@ -fguess-branch-probability -fident -fif-conversion -fif-conversion2
  24              	@ -findirect-inlining -finline -finline-functions-called-once
  25              	@ -finline-small-functions -fipa-cp -fipa-profile -fipa-pure-const
  26              	@ -fipa-reference -fipa-sra -fira-share-save-slots -fira-share-spill-slots
  27              	@ -fivopts -fkeep-static-consts -fleading-underscore -fmath-errno
  28              	@ -fmerge-constants -fmerge-debug-strings -fmove-loop-invariants
  29              	@ -fomit-frame-pointer -foptimize-register-move -foptimize-sibling-calls
  30              	@ -fpartial-inlining -fpeephole -fpeephole2 -fprefetch-loop-arrays
  31              	@ -freg-struct-return -fregmove -freorder-blocks -freorder-functions
  32              	@ -frerun-cse-after-loop -fsched-critical-path-heuristic
  33              	@ -fsched-dep-count-heuristic -fsched-group-heuristic -fsched-interblock
  34              	@ -fsched-last-insn-heuristic -fsched-rank-heuristic -fsched-spec
  35              	@ -fsched-spec-insn-heuristic -fsched-stalled-insns-dep -fschedule-insns
  36              	@ -fschedule-insns2 -fsection-anchors -fshow-column -fsigned-zeros
  37              	@ -fsplit-ivs-in-unroller -fsplit-wide-types -fstrict-aliasing
  38              	@ -fstrict-overflow -fstrict-volatile-bitfields -fthread-jumps
  39              	@ -ftoplevel-reorder -ftrapping-math -ftree-bit-ccp -ftree-builtin-call-dce
  40              	@ -ftree-ccp -ftree-ch -ftree-copy-prop -ftree-copyrename -ftree-cselim
  41              	@ -ftree-dce -ftree-dominator-opts -ftree-dse -ftree-forwprop -ftree-fre
  42              	@ -ftree-loop-if-convert -ftree-loop-im -ftree-loop-ivcanon
  43              	@ -ftree-loop-optimize -ftree-parallelize-loops= -ftree-phiprop -ftree-pre
  44              	@ -ftree-pta -ftree-reassoc -ftree-scev-cprop -ftree-sink
  45              	@ -ftree-slp-vectorize -ftree-sra -ftree-switch-conversion -ftree-ter
  46              	@ -ftree-vect-loop-version -ftree-vrp -funit-at-a-time -fverbose-asm
  47              	@ -fzero-initialized-in-bss -mlittle-endian -msched-prolog
  48              	
  49              	@ Compiler executable checksum: de80e2dacb9f8abf918a9a189330559b
  50              	
  51              		.section	.text.startup,"ax",%progbits
  52              		.align	2
  53              		.global	main
  54              		.type	main, %function
  55              	main:
  56              		@ args = 0, pretend = 0, frame = 4
  57              		@ frame_needed = 0, uses_anonymous_args = 0
ARM GAS  /var/folders/kw/_ttbspv15096pc01cxzg7nyh0000gn/T//ccQVba8V.s 			page 2


  58 0000 04E02DE5 		str	lr, [sp, #-4]!	@,
  59 0004 80E09FE5 		ldr	lr, .L15	@ tmp145,
  60 0008 18309EE5 		ldr	r3, [lr, #24]	@ D.1931, MEM[(volatile uint32 *)-536707048B]
  61 000c 02C5A0E3 		mov	ip, #8388608	@ tmp148,
  62 0010 0C3083E1 		orr	r3, r3, ip	@ D.1932, D.1931,
  63 0014 18308EE5 		str	r3, [lr, #24]	@ D.1932, MEM[(volatile uint32 *)-536707048B]
  64 0018 70109FE5 		ldr	r1, .L15+4	@ tmp167,
  65 001c 14C08EE5 		str	ip, [lr, #20]	@ tmp148, MEM[(volatile uint32 *)-536707052B]
  66 0020 6C209FE5 		ldr	r2, .L15+8	@ tmp169,
  67 0024 1CC08EE5 		str	ip, [lr, #28]	@ tmp148, MEM[(volatile uint32 *)-536707044B]
  68 0028 04D04DE2 		sub	sp, sp, #4	@,,
  69 002c 0000A0E3 		mov	r0, #0	@ tmp166,
  70              	.L13:
  71 0030 1CC08EE5 		str	ip, [lr, #28]	@ MEM[(volatile uint32 *)-536707044B], MEM[(volatile uint32 *)-536707044B]
  72 0034 00008DE5 		str	r0, [sp, #0]	@ tmp166, j
  73 0038 00309DE5 		ldr	r3, [sp, #0]	@ j.2, j
  74 003c 010053E1 		cmp	r3, r1	@ j.2, tmp167
  75 0040 050000CA 		bgt	.L2	@,
  76              	.L9:
  77 0044 00309DE5 		ldr	r3, [sp, #0]	@ j.0, j
  78 0048 013083E2 		add	r3, r3, #1	@ j.1, j.0,
  79 004c 00308DE5 		str	r3, [sp, #0]	@ j.1, j
  80 0050 00309DE5 		ldr	r3, [sp, #0]	@ j.2, j
  81 0054 010053E1 		cmp	r3, r1	@ j.2, tmp167
  82 0058 F9FFFFDA 		ble	.L9	@,
  83              	.L2:
  84 005c 14C08EE5 		str	ip, [lr, #20]	@ MEM[(volatile uint32 *)-536707044B], MEM[(volatile uint32 *)-536707052B]
  85 0060 00008DE5 		str	r0, [sp, #0]	@ tmp166, j
  86 0064 00309DE5 		ldr	r3, [sp, #0]	@ j.5, j
  87 0068 020053E1 		cmp	r3, r2	@ j.5, tmp169
  88 006c EFFFFFCA 		bgt	.L13	@,
  89              	.L8:
  90 0070 00309DE5 		ldr	r3, [sp, #0]	@ j.3, j
  91 0074 013083E2 		add	r3, r3, #1	@ j.4, j.3,
  92 0078 00308DE5 		str	r3, [sp, #0]	@ j.4, j
  93 007c 00309DE5 		ldr	r3, [sp, #0]	@ j.5, j
  94 0080 020053E1 		cmp	r3, r2	@ j.5, tmp169
  95 0084 F9FFFFDA 		ble	.L8	@,
  96 0088 E8FFFFEA 		b	.L13	@
  97              	.L16:
  98              		.align	2
  99              	.L15:
 100 008c 008002E0 		.word	-536707072
 101 0090 1FA10700 		.word	499999
 102 0094 7F841E00 		.word	1999999
 103              		.size	main, .-main
 104              		.ident	"GCC: (GNU) 4.6.1"
ARM GAS  /var/folders/kw/_ttbspv15096pc01cxzg7nyh0000gn/T//ccQVba8V.s 			page 3


DEFINED SYMBOLS
                            *ABS*:00000000 main.c
/var/folders/kw/_ttbspv15096pc01cxzg7nyh0000gn/T//ccQVba8V.s:52     .text.startup:00000000 $a
/var/folders/kw/_ttbspv15096pc01cxzg7nyh0000gn/T//ccQVba8V.s:55     .text.startup:00000000 main
/var/folders/kw/_ttbspv15096pc01cxzg7nyh0000gn/T//ccQVba8V.s:100    .text.startup:0000008c $d

NO UNDEFINED SYMBOLS
