ARM GAS  /var/folders/kw/_ttbspv15096pc01cxzg7nyh0000gn/T//ccLFywhp.s 			page 1


   1              		.file	"application.c"
   2              	@ GNU C (GCC) version 4.6.1 (arm-elf)
   3              	@	compiled by GNU C version 4.0.1 (Apple Inc. build 5494), GMP version 5.0.2, MPFR version 3.0.1, M
   4              	@ GGC heuristics: --param ggc-min-expand=100 --param ggc-min-heapsize=131072
   5              	@ options passed:  -I sources -I /usr/local/dev-arm/arm-dev-files/sources
   6              	@ -I ../sources-communs
   7              	@ -iprefix /usr/local/dev-arm/i386-Darwin-arm-gcc-4.6.1/bin/../lib/gcc/arm-elf/4.6.1/
   8              	@ -MD zBUILDS/application.c.d -MF zBUILDS/application.c.o.dep -MP
   9              	@ -MQ zBUILDS/application.c.o -D__USES_INITFINI__ -D XTR_CLASS=0
  10              	@ -D LPC22XX_CRYSTAL_FREQUENCY=14745600
  11              	@ -D LPC22XX_PLL_FREQUENCY_MULTIPLIER=4 -D LPC22XX_APB_DIVIDER=1
  12              	@ sources/application.c -mcpu=arm7tdmi-s -mcpu=arm7tdmi-s
  13              	@ -auxbase-strip zBUILDS/application.c.o -O2 -Wall -Werror -Wreturn-type
  14              	@ -Wformat -Wsign-compare -Wpointer-arith -Wparentheses -Wcast-align
  15              	@ -Wcast-qual -Wwrite-strings -Wswitch -Wstrict-prototypes
  16              	@ -Wbad-function-cast -Wmissing-declarations
  17              	@ -Wimplicit-function-declaration -Wno-int-to-pointer-cast
  18              	@ -Wno-pointer-to-int-cast -fverbose-asm -fomit-frame-pointer
  19              	@ -foptimize-register-move
  20              	@ options enabled:  -fauto-inc-dec -fbranch-count-reg -fcaller-saves
  21              	@ -fcombine-stack-adjustments -fcommon -fcompare-elim -fcprop-registers
  22              	@ -fcrossjumping -fcse-follow-jumps -fdefer-pop
  23              	@ -fdelete-null-pointer-checks -fdevirtualize -fdwarf2-cfi-asm
  24              	@ -fearly-inlining -feliminate-unused-debug-types -fexpensive-optimizations
  25              	@ -fforward-propagate -ffunction-cse -fgcse -fgcse-lm
  26              	@ -fguess-branch-probability -fident -fif-conversion -fif-conversion2
  27              	@ -findirect-inlining -finline -finline-functions-called-once
  28              	@ -finline-small-functions -fipa-cp -fipa-profile -fipa-pure-const
  29              	@ -fipa-reference -fipa-sra -fira-share-save-slots -fira-share-spill-slots
  30              	@ -fivopts -fkeep-static-consts -fleading-underscore -fmath-errno
  31              	@ -fmerge-constants -fmerge-debug-strings -fmove-loop-invariants
  32              	@ -fomit-frame-pointer -foptimize-register-move -foptimize-sibling-calls
  33              	@ -fpartial-inlining -fpeephole -fpeephole2 -fprefetch-loop-arrays
  34              	@ -freg-struct-return -fregmove -freorder-blocks -freorder-functions
  35              	@ -frerun-cse-after-loop -fsched-critical-path-heuristic
  36              	@ -fsched-dep-count-heuristic -fsched-group-heuristic -fsched-interblock
  37              	@ -fsched-last-insn-heuristic -fsched-rank-heuristic -fsched-spec
  38              	@ -fsched-spec-insn-heuristic -fsched-stalled-insns-dep -fschedule-insns
  39              	@ -fschedule-insns2 -fsection-anchors -fshow-column -fsigned-zeros
  40              	@ -fsplit-ivs-in-unroller -fsplit-wide-types -fstrict-aliasing
  41              	@ -fstrict-overflow -fstrict-volatile-bitfields -fthread-jumps
  42              	@ -ftoplevel-reorder -ftrapping-math -ftree-bit-ccp -ftree-builtin-call-dce
  43              	@ -ftree-ccp -ftree-ch -ftree-copy-prop -ftree-copyrename -ftree-cselim
  44              	@ -ftree-dce -ftree-dominator-opts -ftree-dse -ftree-forwprop -ftree-fre
  45              	@ -ftree-loop-if-convert -ftree-loop-im -ftree-loop-ivcanon
  46              	@ -ftree-loop-optimize -ftree-parallelize-loops= -ftree-phiprop -ftree-pre
  47              	@ -ftree-pta -ftree-reassoc -ftree-scev-cprop -ftree-sink
  48              	@ -ftree-slp-vectorize -ftree-sra -ftree-switch-conversion -ftree-ter
  49              	@ -ftree-vect-loop-version -ftree-vrp -funit-at-a-time -fverbose-asm
  50              	@ -fzero-initialized-in-bss -mlittle-endian -msched-prolog
  51              	
  52              	@ Compiler executable checksum: de80e2dacb9f8abf918a9a189330559b
  53              	
  54              		.text
  55              		.align	2
  56              		.type	tache, %function
  57              	tache:
ARM GAS  /var/folders/kw/_ttbspv15096pc01cxzg7nyh0000gn/T//ccLFywhp.s 			page 2


  58              		@ args = 0, pretend = 0, frame = 0
  59              		@ frame_needed = 0, uses_anonymous_args = 0
  60 0000 38309FE5 		ldr	r3, .L4	@ tmp143,
  61 0004 F0402DE9 		stmfd	sp!, {r4, r5, r6, r7, lr}	@,
  62 0008 004093E5 		ldr	r4, [r3, #0]	@ echeance, gCurrentDate
  63 000c 0160A0E1 		mov	r6, r1	@ inArgument2, inArgument2
  64 0010 0050A0E1 		mov	r5, r0	@ inArgument1, inArgument1
  65 0014 8170A0E1 		mov	r7, r1, asl #1	@ tmp146, inArgument2,
  66              	.L2:
  67 0018 0500A0E1 		mov	r0, r5	@, inArgument1
  68 001c FEFFFFEB 		bl	eteindre_sorties_s0_s3	@
  69 0020 060084E0 		add	r0, r4, r6	@, echeance, inArgument2
  70 0024 FEFFFFEB 		bl	usr_attente_echeance	@
  71 0028 074084E0 		add	r4, r4, r7	@ echeance, echeance, tmp146
  72 002c 0500A0E1 		mov	r0, r5	@, inArgument1
  73 0030 FEFFFFEB 		bl	allumer_sorties_s0_s3	@
  74 0034 0400A0E1 		mov	r0, r4	@, echeance
  75 0038 FEFFFFEB 		bl	usr_attente_echeance	@
  76 003c F5FFFFEA 		b	.L2	@
  77              	.L5:
  78              		.align	2
  79              	.L4:
  80 0040 00000000 		.word	.LANCHOR0
  81              		.size	tache, .-tache
  82              		.align	2
  83              		.type	spit_compteur_0, %function
  84              	spit_compteur_0:
  85              		@ args = 0, pretend = 0, frame = 0
  86              		@ frame_needed = 0, uses_anonymous_args = 0
  87              		@ link register save eliminated.
  88 0044 20309FE5 		ldr	r3, .L7	@ tmp137,
  89 0048 0120A0E3 		mov	r2, #1	@ tmp138,
  90 004c 002083E5 		str	r2, [r3, #0]	@ tmp138, MEM[(volatile uint32 *)-536854528B]
  91 0050 18309FE5 		ldr	r3, .L7+4	@ tmp139,
  92 0054 002093E5 		ldr	r2, [r3, #0]	@ gCurrentDate.0, gCurrentDate
  93 0058 012082E2 		add	r2, r2, #1	@ gCurrentDate.1, gCurrentDate.0,
  94 005c 002083E5 		str	r2, [r3, #0]	@ gCurrentDate.1, gCurrentDate
  95 0060 000093E5 		ldr	r0, [r3, #0]	@ gCurrentDate.2, gCurrentDate
  96 0064 0010A0E3 		mov	r1, #0	@,
  97 0068 FEFFFFEA 		b	kernel_tasksWithEarlierDateBecomeReady	@
  98              	.L8:
  99              		.align	2
 100              	.L7:
 101 006c 004000E0 		.word	-536854528
 102 0070 00000000 		.word	.LANCHOR0
 103              		.size	spit_compteur_0, .-spit_compteur_0
 104              		.align	2
 105              		.global	swi_attente_echeance
 106              		.type	swi_attente_echeance, %function
 107              	swi_attente_echeance:
 108              		@ args = 0, pretend = 0, frame = 0
 109              		@ frame_needed = 0, uses_anonymous_args = 0
 110              		@ link register save eliminated.
 111 0074 0020A0E1 		mov	r2, r0	@ inEcheance, inEcheance
 112 0078 0110A0E3 		mov	r1, #1	@,
 113 007c 0000A0E3 		mov	r0, #0	@,
 114 0080 FEFFFFEA 		b	kernel_runningTaskWaitsOnLists	@
ARM GAS  /var/folders/kw/_ttbspv15096pc01cxzg7nyh0000gn/T//ccLFywhp.s 			page 3


 115              		.size	swi_attente_echeance, .-swi_attente_echeance
 116              		.align	2
 117              		.global	initialiser_application
 118              		.type	initialiser_application, %function
 119              	initialiser_application:
 120              		@ args = 0, pretend = 0, frame = 0
 121              		@ frame_needed = 0, uses_anonymous_args = 0
 122 0084 F0452DE9 		stmfd	sp!, {r4, r5, r6, r7, r8, sl, lr}	@,
 123 0088 CC409FE5 		ldr	r4, .L11	@ tmp135,
 124 008c 0900A0E3 		mov	r0, #9	@,
 125 0090 7C6084E2 		add	r6, r4, #124	@ tmp138, tmp135,
 126 0094 C4109FE5 		ldr	r1, .L11+4	@,
 127 0098 047084E2 		add	r7, r4, #4	@ tmp136, tmp135,
 128 009c FEFFFFEB 		bl	initialiser_compteur_0_it	@
 129 00a0 5F8F84E2 		add	r8, r4, #380	@ tmp140, tmp135,
 130 00a4 FEFFFFEB 		bl	initialiser_sorties_s0_s3	@
 131 00a8 FEFFFFEB 		bl	programmer_uart1	@
 132 00ac 0700A0E1 		mov	r0, r7	@, tmp136
 133 00b0 0620A0E1 		mov	r2, r6	@, tmp138
 134 00b4 0010A0E3 		mov	r1, #0	@,
 135 00b8 013CA0E3 		mov	r3, #256	@,
 136 00bc FEFFFFEB 		bl	swi_create_task	@
 137 00c0 7DAF84E2 		add	sl, r4, #500	@ tmp144, tmp135,
 138 00c4 0800A0E1 		mov	r0, r8	@, tmp140
 139 00c8 0620A0E1 		mov	r2, r6	@, tmp138
 140 00cc 0010A0E3 		mov	r1, #0	@,
 141 00d0 013CA0E3 		mov	r3, #256	@,
 142 00d4 FEFFFFEB 		bl	swi_create_task	@
 143 00d8 84509FE5 		ldr	r5, .L11+8	@ tmp153,
 144 00dc 0A00A0E1 		mov	r0, sl	@, tmp144
 145 00e0 0620A0E1 		mov	r2, r6	@, tmp138
 146 00e4 9B4F84E2 		add	r4, r4, #620	@ tmp148, tmp135,
 147 00e8 0010A0E3 		mov	r1, #0	@,
 148 00ec 013CA0E3 		mov	r3, #256	@,
 149 00f0 FEFFFFEB 		bl	swi_create_task	@
 150 00f4 0400A0E1 		mov	r0, r4	@, tmp148
 151 00f8 0620A0E1 		mov	r2, r6	@, tmp138
 152 00fc 0010A0E3 		mov	r1, #0	@,
 153 0100 013CA0E3 		mov	r3, #256	@,
 154 0104 FEFFFFEB 		bl	swi_create_task	@
 155 0108 0700A0E1 		mov	r0, r7	@, tmp136
 156 010c 0510A0E1 		mov	r1, r5	@, tmp153
 157 0110 0120A0E3 		mov	r2, #1	@,
 158 0114 FA3FA0E3 		mov	r3, #1000	@,
 159 0118 FEFFFFEB 		bl	swi_start_task	@
 160 011c 0800A0E1 		mov	r0, r8	@, tmp140
 161 0120 0510A0E1 		mov	r1, r5	@, tmp153
 162 0124 0220A0E3 		mov	r2, #2	@,
 163 0128 7D3EA0E3 		mov	r3, #2000	@,
 164 012c FEFFFFEB 		bl	swi_start_task	@
 165 0130 0A00A0E1 		mov	r0, sl	@, tmp144
 166 0134 0510A0E1 		mov	r1, r5	@, tmp153
 167 0138 0420A0E3 		mov	r2, #4	@,
 168 013c FA3EA0E3 		mov	r3, #4000	@,
 169 0140 FEFFFFEB 		bl	swi_start_task	@
 170 0144 0400A0E1 		mov	r0, r4	@, tmp148
 171 0148 0510A0E1 		mov	r1, r5	@, tmp153
ARM GAS  /var/folders/kw/_ttbspv15096pc01cxzg7nyh0000gn/T//ccLFywhp.s 			page 4


 172 014c 0820A0E3 		mov	r2, #8	@,
 173 0150 7D3DA0E3 		mov	r3, #8000	@,
 174 0154 F045BDE8 		ldmfd	sp!, {r4, r5, r6, r7, r8, sl, lr}	@
 175 0158 FEFFFFEA 		b	swi_start_task	@
 176              	.L12:
 177              		.align	2
 178              	.L11:
 179 015c 00000000 		.word	.LANCHOR0
 180 0160 00000000 		.word	spit_compteur_0
 181 0164 00000000 		.word	tache
 182              		.size	initialiser_application, .-initialiser_application
 183              		.bss
 184              		.align	2
 185              		.set	.LANCHOR0,. + 0
 186              		.type	gCurrentDate, %object
 187              		.size	gCurrentDate, 4
 188              	gCurrentDate:
 189 0000 00000000 		.space	4
 190              		.type	descripteurTache1, %object
 191              		.size	descripteurTache1, 120
 192              	descripteurTache1:
 193 0004 00000000 		.space	120
 193      00000000 
 193      00000000 
 193      00000000 
 193      00000000 
 194              		.type	gPileTache, %object
 195              		.size	gPileTache, 256
 196              	gPileTache:
 197 007c 00000000 		.space	256
 197      00000000 
 197      00000000 
 197      00000000 
 197      00000000 
 198              		.type	descripteurTache2, %object
 199              		.size	descripteurTache2, 120
 200              	descripteurTache2:
 201 017c 00000000 		.space	120
 201      00000000 
 201      00000000 
 201      00000000 
 201      00000000 
 202              		.type	descripteurTache3, %object
 203              		.size	descripteurTache3, 120
 204              	descripteurTache3:
 205 01f4 00000000 		.space	120
 205      00000000 
 205      00000000 
 205      00000000 
 205      00000000 
 206              		.type	descripteurTache4, %object
 207              		.size	descripteurTache4, 120
 208              	descripteurTache4:
 209 026c 00000000 		.space	120
 209      00000000 
 209      00000000 
 209      00000000 
ARM GAS  /var/folders/kw/_ttbspv15096pc01cxzg7nyh0000gn/T//ccLFywhp.s 			page 5


 209      00000000 
 210              		.ident	"GCC: (GNU) 4.6.1"
ARM GAS  /var/folders/kw/_ttbspv15096pc01cxzg7nyh0000gn/T//ccLFywhp.s 			page 6


DEFINED SYMBOLS
                            *ABS*:00000000 application.c
/var/folders/kw/_ttbspv15096pc01cxzg7nyh0000gn/T//ccLFywhp.s:55     .text:00000000 $a
/var/folders/kw/_ttbspv15096pc01cxzg7nyh0000gn/T//ccLFywhp.s:57     .text:00000000 tache
/var/folders/kw/_ttbspv15096pc01cxzg7nyh0000gn/T//ccLFywhp.s:80     .text:00000040 $d
/var/folders/kw/_ttbspv15096pc01cxzg7nyh0000gn/T//ccLFywhp.s:82     .text:00000044 $a
/var/folders/kw/_ttbspv15096pc01cxzg7nyh0000gn/T//ccLFywhp.s:84     .text:00000044 spit_compteur_0
/var/folders/kw/_ttbspv15096pc01cxzg7nyh0000gn/T//ccLFywhp.s:101    .text:0000006c $d
/var/folders/kw/_ttbspv15096pc01cxzg7nyh0000gn/T//ccLFywhp.s:104    .text:00000074 $a
/var/folders/kw/_ttbspv15096pc01cxzg7nyh0000gn/T//ccLFywhp.s:107    .text:00000074 swi_attente_echeance
/var/folders/kw/_ttbspv15096pc01cxzg7nyh0000gn/T//ccLFywhp.s:119    .text:00000084 initialiser_application
/var/folders/kw/_ttbspv15096pc01cxzg7nyh0000gn/T//ccLFywhp.s:179    .text:0000015c $d
/var/folders/kw/_ttbspv15096pc01cxzg7nyh0000gn/T//ccLFywhp.s:184    .bss:00000000 $d
/var/folders/kw/_ttbspv15096pc01cxzg7nyh0000gn/T//ccLFywhp.s:188    .bss:00000000 gCurrentDate
/var/folders/kw/_ttbspv15096pc01cxzg7nyh0000gn/T//ccLFywhp.s:192    .bss:00000004 descripteurTache1
/var/folders/kw/_ttbspv15096pc01cxzg7nyh0000gn/T//ccLFywhp.s:196    .bss:0000007c gPileTache
/var/folders/kw/_ttbspv15096pc01cxzg7nyh0000gn/T//ccLFywhp.s:200    .bss:0000017c descripteurTache2
/var/folders/kw/_ttbspv15096pc01cxzg7nyh0000gn/T//ccLFywhp.s:204    .bss:000001f4 descripteurTache3
/var/folders/kw/_ttbspv15096pc01cxzg7nyh0000gn/T//ccLFywhp.s:208    .bss:0000026c descripteurTache4

UNDEFINED SYMBOLS
eteindre_sorties_s0_s3
usr_attente_echeance
allumer_sorties_s0_s3
kernel_tasksWithEarlierDateBecomeReady
kernel_runningTaskWaitsOnLists
initialiser_compteur_0_it
initialiser_sorties_s0_s3
programmer_uart1
swi_create_task
swi_start_task
