ARM GAS  /var/folders/kw/_ttbspv15096pc01cxzg7nyh0000gn/T//ccB13xpO.s 			page 1


   1              		.file	"initialiser-compteur-0-it.c"
   2              	@ GNU C (GCC) version 4.6.1 (arm-elf)
   3              	@	compiled by GNU C version 4.0.1 (Apple Inc. build 5494), GMP version 5.0.2, MPFR version 3.0.1, M
   4              	@ GGC heuristics: --param ggc-min-expand=100 --param ggc-min-heapsize=131072
   5              	@ options passed:  -I sources -I /usr/local/dev-arm/arm-dev-files/sources
   6              	@ -I ../sources-communs
   7              	@ -iprefix /usr/local/dev-arm/i386-Darwin-arm-gcc-4.6.1/bin/../lib/gcc/arm-elf/4.6.1/
   8              	@ -MD zBUILDS/initialiser-compteur-0-it.c.d
   9              	@ -MF zBUILDS/initialiser-compteur-0-it.c.o.dep -MP
  10              	@ -MQ zBUILDS/initialiser-compteur-0-it.c.o -D__USES_INITFINI__
  11              	@ -D XTR_CLASS=0 -D LPC22XX_CRYSTAL_FREQUENCY=14745600
  12              	@ -D LPC22XX_PLL_FREQUENCY_MULTIPLIER=4 -D LPC22XX_APB_DIVIDER=1
  13              	@ ../sources-communs/initialiser-compteur-0-it.c -mcpu=arm7tdmi-s
  14              	@ -mcpu=arm7tdmi-s -auxbase-strip zBUILDS/initialiser-compteur-0-it.c.o -O2
  15              	@ -Wall -Werror -Wreturn-type -Wformat -Wsign-compare -Wpointer-arith
  16              	@ -Wparentheses -Wcast-align -Wcast-qual -Wwrite-strings -Wswitch
  17              	@ -Wstrict-prototypes -Wbad-function-cast -Wmissing-declarations
  18              	@ -Wimplicit-function-declaration -Wno-int-to-pointer-cast
  19              	@ -Wno-pointer-to-int-cast -fverbose-asm -fomit-frame-pointer
  20              	@ -foptimize-register-move
  21              	@ options enabled:  -fauto-inc-dec -fbranch-count-reg -fcaller-saves
  22              	@ -fcombine-stack-adjustments -fcommon -fcompare-elim -fcprop-registers
  23              	@ -fcrossjumping -fcse-follow-jumps -fdefer-pop
  24              	@ -fdelete-null-pointer-checks -fdevirtualize -fdwarf2-cfi-asm
  25              	@ -fearly-inlining -feliminate-unused-debug-types -fexpensive-optimizations
  26              	@ -fforward-propagate -ffunction-cse -fgcse -fgcse-lm
  27              	@ -fguess-branch-probability -fident -fif-conversion -fif-conversion2
  28              	@ -findirect-inlining -finline -finline-functions-called-once
  29              	@ -finline-small-functions -fipa-cp -fipa-profile -fipa-pure-const
  30              	@ -fipa-reference -fipa-sra -fira-share-save-slots -fira-share-spill-slots
  31              	@ -fivopts -fkeep-static-consts -fleading-underscore -fmath-errno
  32              	@ -fmerge-constants -fmerge-debug-strings -fmove-loop-invariants
  33              	@ -fomit-frame-pointer -foptimize-register-move -foptimize-sibling-calls
  34              	@ -fpartial-inlining -fpeephole -fpeephole2 -fprefetch-loop-arrays
  35              	@ -freg-struct-return -fregmove -freorder-blocks -freorder-functions
  36              	@ -frerun-cse-after-loop -fsched-critical-path-heuristic
  37              	@ -fsched-dep-count-heuristic -fsched-group-heuristic -fsched-interblock
  38              	@ -fsched-last-insn-heuristic -fsched-rank-heuristic -fsched-spec
  39              	@ -fsched-spec-insn-heuristic -fsched-stalled-insns-dep -fschedule-insns
  40              	@ -fschedule-insns2 -fsection-anchors -fshow-column -fsigned-zeros
  41              	@ -fsplit-ivs-in-unroller -fsplit-wide-types -fstrict-aliasing
  42              	@ -fstrict-overflow -fstrict-volatile-bitfields -fthread-jumps
  43              	@ -ftoplevel-reorder -ftrapping-math -ftree-bit-ccp -ftree-builtin-call-dce
  44              	@ -ftree-ccp -ftree-ch -ftree-copy-prop -ftree-copyrename -ftree-cselim
  45              	@ -ftree-dce -ftree-dominator-opts -ftree-dse -ftree-forwprop -ftree-fre
  46              	@ -ftree-loop-if-convert -ftree-loop-im -ftree-loop-ivcanon
  47              	@ -ftree-loop-optimize -ftree-parallelize-loops= -ftree-phiprop -ftree-pre
  48              	@ -ftree-pta -ftree-reassoc -ftree-scev-cprop -ftree-sink
  49              	@ -ftree-slp-vectorize -ftree-sra -ftree-switch-conversion -ftree-ter
  50              	@ -ftree-vect-loop-version -ftree-vrp -funit-at-a-time -fverbose-asm
  51              	@ -fzero-initialized-in-bss -mlittle-endian -msched-prolog
  52              	
  53              	@ Compiler executable checksum: de80e2dacb9f8abf918a9a189330559b
  54              	
  55              		.text
  56              		.align	2
  57              		.global	initialiser_compteur_0_it
ARM GAS  /var/folders/kw/_ttbspv15096pc01cxzg7nyh0000gn/T//ccB13xpO.s 			page 2


  58              		.type	initialiser_compteur_0_it, %function
  59              	initialiser_compteur_0_it:
  60              		@ args = 0, pretend = 0, frame = 0
  61              		@ frame_needed = 0, uses_anonymous_args = 0
  62              		@ link register save eliminated.
  63 0000 58309FE5 		ldr	r3, .L2	@ tmp144,
  64 0004 02C0A0E3 		mov	ip, #2	@ tmp145,
  65 0008 04C083E5 		str	ip, [r3, #4]	@ tmp145, MEM[(volatile uint32 *)-536854524B]
  66 000c 50C09FE5 		ldr	ip, .L2+4	@ tmp147,
  67 0010 0CC083E5 		str	ip, [r3, #12]	@ tmp147, MEM[(volatile uint32 *)-536854516B]
  68 0014 09C0A0E3 		mov	ip, #9	@ tmp149,
  69 0018 18C083E5 		str	ip, [r3, #24]	@ tmp149, MEM[(volatile uint32 *)-536854504B]
  70 001c 00C0A0E3 		mov	ip, #0	@ tmp151,
  71 0020 28C083E5 		str	ip, [r3, #40]	@ tmp151, MEM[(volatile uint32 *)-536854488B]
  72 0024 0001A0E1 		mov	r0, r0, asl #2	@ D.1933, inSlot,
  73 0028 03C0A0E3 		mov	ip, #3	@ tmp153,
  74 002c 14C083E5 		str	ip, [r3, #20]	@ tmp153, MEM[(volatile uint32 *)-536854508B]
  75 0030 001F00E5 		str	r1, [r0, #-3840]	@ in_isr, *D.1935_9
  76 0034 2410A0E3 		mov	r1, #36	@ tmp154,
  77 0038 001E00E5 		str	r1, [r0, #-3584]	@ tmp154, *D.1938_14
  78 003c 0020E0E3 		mvn	r2, #0	@ tmp155,
  79 0040 1010A0E3 		mov	r1, #16	@ tmp156,
  80 0044 EB1F02E5 		str	r1, [r2, #-4075]	@ tmp156, MEM[(volatile uint32 *)-4076B]
  81 0048 EF1F12E5 		ldr	r1, [r2, #-4079]	@ D.1941, MEM[(volatile uint32 *)-4080B]
  82 004c 101081E3 		orr	r1, r1, #16	@ D.1942, D.1941,
  83 0050 EF1F02E5 		str	r1, [r2, #-4079]	@ D.1942, MEM[(volatile uint32 *)-4080B]
  84 0054 0120A0E3 		mov	r2, #1	@ tmp160,
  85 0058 042083E5 		str	r2, [r3, #4]	@ tmp160, MEM[(volatile uint32 *)-536854524B]
  86 005c 1EFF2FE1 		bx	lr	@
  87              	.L3:
  88              		.align	2
  89              	.L2:
  90 0060 004000E0 		.word	-536854528
  91 0064 09170000 		.word	5897
  92              		.size	initialiser_compteur_0_it, .-initialiser_compteur_0_it
  93              		.ident	"GCC: (GNU) 4.6.1"
ARM GAS  /var/folders/kw/_ttbspv15096pc01cxzg7nyh0000gn/T//ccB13xpO.s 			page 3


DEFINED SYMBOLS
                            *ABS*:00000000 initialiser-compteur-0-it.c
/var/folders/kw/_ttbspv15096pc01cxzg7nyh0000gn/T//ccB13xpO.s:56     .text:00000000 $a
/var/folders/kw/_ttbspv15096pc01cxzg7nyh0000gn/T//ccB13xpO.s:59     .text:00000000 initialiser_compteur_0_it
/var/folders/kw/_ttbspv15096pc01cxzg7nyh0000gn/T//ccB13xpO.s:90     .text:00000060 $d

NO UNDEFINED SYMBOLS
