ARM GAS  /var/folders/kw/_ttbspv15096pc01cxzg7nyh0000gn/T//ccVgnzhi.s 			page 1


   1              		.file	"initialiser_serie_1_it.c"
   2              	@ GNU C (GCC) version 4.6.1 (arm-elf)
   3              	@	compiled by GNU C version 4.0.1 (Apple Inc. build 5494), GMP version 5.0.2, MPFR version 3.0.1, M
   4              	@ GGC heuristics: --param ggc-min-expand=100 --param ggc-min-heapsize=131072
   5              	@ options passed:  -I sources -I /usr/local/dev-arm/arm-dev-files/sources
   6              	@ -I ../sources-communs
   7              	@ -iprefix /usr/local/dev-arm/i386-Darwin-arm-gcc-4.6.1/bin/../lib/gcc/arm-elf/4.6.1/
   8              	@ -MD zBUILDS/initialiser_serie_1_it.c.d
   9              	@ -MF zBUILDS/initialiser_serie_1_it.c.o.dep -MP
  10              	@ -MQ zBUILDS/initialiser_serie_1_it.c.o -D__USES_INITFINI__ -D XTR_CLASS=0
  11              	@ -D LPC22XX_CRYSTAL_FREQUENCY=14745600
  12              	@ -D LPC22XX_PLL_FREQUENCY_MULTIPLIER=4 -D LPC22XX_APB_DIVIDER=1
  13              	@ ../sources-communs/initialiser_serie_1_it.c -mcpu=arm7tdmi-s
  14              	@ -mcpu=arm7tdmi-s -auxbase-strip zBUILDS/initialiser_serie_1_it.c.o -O2
  15              	@ -Wall -Werror -Wreturn-type -Wformat -Wsign-compare -Wpointer-arith
  16              	@ -Wparentheses -Wcast-align -Wcast-qual -Wwrite-strings -Wswitch
  17              	@ -Wstrict-prototypes -Wbad-function-cast -Wmissing-declarations
  18              	@ -Wimplicit-function-declaration -Wno-int-to-pointer-cast
  19              	@ -Wno-pointer-to-int-cast -fverbose-asm -fomit-frame-pointer
  20              	@ -foptimize-register-move
  21              	@ options enabled:  -fauto-inc-dec -fbranch-count-reg -fcaller-saves
  22              	@ -fcombine-stack-adjustments -fcommon -fcompare-elim -fcprop-registers
  23              	@ -fcrossjumping -fcse-follow-jumps -fdefer-pop
  24              	@ -fdelete-null-pointer-checks -fdevirtualize -fdwarf2-cfi-asm
  25              	@ -fearly-inlining -feliminate-unused-debug-types -fexpensive-optimizations
  26              	@ -fforward-propagate -ffunction-cse -fgcse -fgcse-lm
  27              	@ -fguess-branch-probability -fident -fif-conversion -fif-conversion2
  28              	@ -findirect-inlining -finline -finline-functions-called-once
  29              	@ -finline-small-functions -fipa-cp -fipa-profile -fipa-pure-const
  30              	@ -fipa-reference -fipa-sra -fira-share-save-slots -fira-share-spill-slots
  31              	@ -fivopts -fkeep-static-consts -fleading-underscore -fmath-errno
  32              	@ -fmerge-constants -fmerge-debug-strings -fmove-loop-invariants
  33              	@ -fomit-frame-pointer -foptimize-register-move -foptimize-sibling-calls
  34              	@ -fpartial-inlining -fpeephole -fpeephole2 -fprefetch-loop-arrays
  35              	@ -freg-struct-return -fregmove -freorder-blocks -freorder-functions
  36              	@ -frerun-cse-after-loop -fsched-critical-path-heuristic
  37              	@ -fsched-dep-count-heuristic -fsched-group-heuristic -fsched-interblock
  38              	@ -fsched-last-insn-heuristic -fsched-rank-heuristic -fsched-spec
  39              	@ -fsched-spec-insn-heuristic -fsched-stalled-insns-dep -fschedule-insns
  40              	@ -fschedule-insns2 -fsection-anchors -fshow-column -fsigned-zeros
  41              	@ -fsplit-ivs-in-unroller -fsplit-wide-types -fstrict-aliasing
  42              	@ -fstrict-overflow -fstrict-volatile-bitfields -fthread-jumps
  43              	@ -ftoplevel-reorder -ftrapping-math -ftree-bit-ccp -ftree-builtin-call-dce
  44              	@ -ftree-ccp -ftree-ch -ftree-copy-prop -ftree-copyrename -ftree-cselim
  45              	@ -ftree-dce -ftree-dominator-opts -ftree-dse -ftree-forwprop -ftree-fre
  46              	@ -ftree-loop-if-convert -ftree-loop-im -ftree-loop-ivcanon
  47              	@ -ftree-loop-optimize -ftree-parallelize-loops= -ftree-phiprop -ftree-pre
  48              	@ -ftree-pta -ftree-reassoc -ftree-scev-cprop -ftree-sink
  49              	@ -ftree-slp-vectorize -ftree-sra -ftree-switch-conversion -ftree-ter
  50              	@ -ftree-vect-loop-version -ftree-vrp -funit-at-a-time -fverbose-asm
  51              	@ -fzero-initialized-in-bss -mlittle-endian -msched-prolog
  52              	
  53              	@ Compiler executable checksum: de80e2dacb9f8abf918a9a189330559b
  54              	
  55              		.text
  56              		.align	2
  57              		.global	initialiser_serie_1_it
ARM GAS  /var/folders/kw/_ttbspv15096pc01cxzg7nyh0000gn/T//ccVgnzhi.s 			page 2


  58              		.type	initialiser_serie_1_it, %function
  59              	initialiser_serie_1_it:
  60              		@ args = 0, pretend = 0, frame = 0
  61              		@ frame_needed = 0, uses_anonymous_args = 0
  62              		@ link register save eliminated.
  63 0000 7C309FE5 		ldr	r3, .L2	@ tmp148,
  64 0004 30002DE9 		stmfd	sp!, {r4, r5}	@,
  65 0008 00C0A0E3 		mov	ip, #0	@ tmp152,
  66 000c 7F20E0E3 		mvn	r2, #127	@ tmp149,
  67 0010 3F50E0E3 		mvn	r5, #63	@ tmp155,
  68 0014 0C20C3E5 		strb	r2, [r3, #12]	@ tmp149, MEM[(volatile uint8 *)-536805364B]
  69 0018 0140A0E3 		mov	r4, #1	@ tmp164,
  70 001c 04C0C3E5 		strb	ip, [r3, #4]	@ tmp152, MEM[(volatile uint8 *)-536805372B]
  71 0020 0050C3E5 		strb	r5, [r3, #0]	@ tmp155, MEM[(volatile uint8 *)-536805376B]
  72 0024 0350A0E3 		mov	r5, #3	@ tmp158,
  73 0028 0C50C3E5 		strb	r5, [r3, #12]	@ tmp158, MEM[(volatile uint8 *)-536805364B]
  74 002c 54209FE5 		ldr	r2, .L2+4	@ tmp166,
  75 0030 08C0C3E5 		strb	ip, [r3, #8]	@ tmp152, MEM[(volatile uint8 *)-536805368B]
  76 0034 0840C3E5 		strb	r4, [r3, #8]	@ tmp164, MEM[(volatile uint8 *)-536805368B]
  77 0038 00C092E5 		ldr	ip, [r2, #0]	@ D.1933, MEM[(volatile uint32 *)-536690688B]
  78 003c 0FC8CCE3 		bic	ip, ip, #983040	@ D.1934, D.1933,
  79 0040 00C082E5 		str	ip, [r2, #0]	@ D.1934, MEM[(volatile uint32 *)-536690688B]
  80 0044 005092E5 		ldr	r5, [r2, #0]	@ D.1935, MEM[(volatile uint32 *)-536690688B]
  81 0048 055885E3 		orr	r5, r5, #327680	@ D.1936, D.1935,
  82 004c 005082E5 		str	r5, [r2, #0]	@ D.1936, MEM[(volatile uint32 *)-536690688B]
  83 0050 0001A0E1 		mov	r0, r0, asl #2	@ D.1937, inSlot,
  84 0054 2720A0E3 		mov	r2, #39	@ tmp170,
  85 0058 001F00E5 		str	r1, [r0, #-3840]	@ spit, *D.1939_18
  86 005c 00C0E0E3 		mvn	ip, #0	@ tmp171,
  87 0060 002E00E5 		str	r2, [r0, #-3584]	@ tmp170, *D.1942_23
  88 0064 8020A0E3 		mov	r2, #128	@ tmp172,
  89 0068 EB2F0CE5 		str	r2, [ip, #-4075]	@ tmp172, MEM[(volatile uint32 *)-4076B]
  90 006c EF2F1CE5 		ldr	r2, [ip, #-4079]	@ D.1945, MEM[(volatile uint32 *)-4080B]
  91 0070 802082E3 		orr	r2, r2, #128	@ D.1946, D.1945,
  92 0074 EF2F0CE5 		str	r2, [ip, #-4079]	@ D.1946, MEM[(volatile uint32 *)-4080B]
  93 0078 044083E5 		str	r4, [r3, #4]	@ tmp164, MEM[(volatile uint32 *)-536805372B]
  94 007c 3000BDE8 		ldmfd	sp!, {r4, r5}
  95 0080 1EFF2FE1 		bx	lr
  96              	.L3:
  97              		.align	2
  98              	.L2:
  99 0084 000001E0 		.word	-536805376
 100 0088 00C002E0 		.word	-536690688
 101              		.size	initialiser_serie_1_it, .-initialiser_serie_1_it
 102              		.ident	"GCC: (GNU) 4.6.1"
ARM GAS  /var/folders/kw/_ttbspv15096pc01cxzg7nyh0000gn/T//ccVgnzhi.s 			page 3


DEFINED SYMBOLS
                            *ABS*:00000000 initialiser_serie_1_it.c
/var/folders/kw/_ttbspv15096pc01cxzg7nyh0000gn/T//ccVgnzhi.s:56     .text:00000000 $a
/var/folders/kw/_ttbspv15096pc01cxzg7nyh0000gn/T//ccVgnzhi.s:59     .text:00000000 initialiser_serie_1_it
/var/folders/kw/_ttbspv15096pc01cxzg7nyh0000gn/T//ccVgnzhi.s:99     .text:00000084 $d

NO UNDEFINED SYMBOLS
