ARM GAS  /var/folders/kw/_ttbspv15096pc01cxzg7nyh0000gn/T//ccJFYVd8.s 			page 1


   1              		.file	"sorties_s0_s3.c"
   2              	@ GNU C (GCC) version 4.6.1 (arm-elf)
   3              	@	compiled by GNU C version 4.0.1 (Apple Inc. build 5494), GMP version 5.0.2, MPFR version 3.0.1, M
   4              	@ GGC heuristics: --param ggc-min-expand=100 --param ggc-min-heapsize=131072
   5              	@ options passed:  -I sources -I /usr/local/dev-arm/arm-dev-files/sources
   6              	@ -I ../sources-communs
   7              	@ -iprefix /usr/local/dev-arm/i386-Darwin-arm-gcc-4.6.1/bin/../lib/gcc/arm-elf/4.6.1/
   8              	@ -MD zBUILDS/sorties_s0_s3.c.d -MF zBUILDS/sorties_s0_s3.c.o.dep -MP
   9              	@ -MQ zBUILDS/sorties_s0_s3.c.o -D__USES_INITFINI__ -D XTR_CLASS=0
  10              	@ -D LPC22XX_CRYSTAL_FREQUENCY=14745600
  11              	@ -D LPC22XX_PLL_FREQUENCY_MULTIPLIER=4 -D LPC22XX_APB_DIVIDER=1
  12              	@ ../sources-communs/sorties_s0_s3.c -mcpu=arm7tdmi-s -mcpu=arm7tdmi-s
  13              	@ -auxbase-strip zBUILDS/sorties_s0_s3.c.o -O2 -Wall -Werror -Wreturn-type
  14              	@ -Wformat -Wsign-compare -Wpointer-arith -Wparentheses -Wcast-align
  15              	@ -Wcast-qual -Wwrite-strings -Wswitch -Wstrict-prototypes
  16              	@ -Wbad-function-cast -Wmissing-declarations
  17              	@ -Wimplicit-function-declaration -Wno-int-to-pointer-cast
  18              	@ -Wno-pointer-to-int-cast -fverbose-asm -fomit-frame-pointer
  19              	@ -foptimize-register-move
  20              	@ options enabled:  -fauto-inc-dec -fbranch-count-reg -fcaller-saves
  21              	@ -fcombine-stack-adjustments -fcommon -fcompare-elim -fcprop-registers
  22              	@ -fcrossjumping -fcse-follow-jumps -fdefer-pop
  23              	@ -fdelete-null-pointer-checks -fdevirtualize -fdwarf2-cfi-asm
  24              	@ -fearly-inlining -feliminate-unused-debug-types -fexpensive-optimizations
  25              	@ -fforward-propagate -ffunction-cse -fgcse -fgcse-lm
  26              	@ -fguess-branch-probability -fident -fif-conversion -fif-conversion2
  27              	@ -findirect-inlining -finline -finline-functions-called-once
  28              	@ -finline-small-functions -fipa-cp -fipa-profile -fipa-pure-const
  29              	@ -fipa-reference -fipa-sra -fira-share-save-slots -fira-share-spill-slots
  30              	@ -fivopts -fkeep-static-consts -fleading-underscore -fmath-errno
  31              	@ -fmerge-constants -fmerge-debug-strings -fmove-loop-invariants
  32              	@ -fomit-frame-pointer -foptimize-register-move -foptimize-sibling-calls
  33              	@ -fpartial-inlining -fpeephole -fpeephole2 -fprefetch-loop-arrays
  34              	@ -freg-struct-return -fregmove -freorder-blocks -freorder-functions
  35              	@ -frerun-cse-after-loop -fsched-critical-path-heuristic
  36              	@ -fsched-dep-count-heuristic -fsched-group-heuristic -fsched-interblock
  37              	@ -fsched-last-insn-heuristic -fsched-rank-heuristic -fsched-spec
  38              	@ -fsched-spec-insn-heuristic -fsched-stalled-insns-dep -fschedule-insns
  39              	@ -fschedule-insns2 -fsection-anchors -fshow-column -fsigned-zeros
  40              	@ -fsplit-ivs-in-unroller -fsplit-wide-types -fstrict-aliasing
  41              	@ -fstrict-overflow -fstrict-volatile-bitfields -fthread-jumps
  42              	@ -ftoplevel-reorder -ftrapping-math -ftree-bit-ccp -ftree-builtin-call-dce
  43              	@ -ftree-ccp -ftree-ch -ftree-copy-prop -ftree-copyrename -ftree-cselim
  44              	@ -ftree-dce -ftree-dominator-opts -ftree-dse -ftree-forwprop -ftree-fre
  45              	@ -ftree-loop-if-convert -ftree-loop-im -ftree-loop-ivcanon
  46              	@ -ftree-loop-optimize -ftree-parallelize-loops= -ftree-phiprop -ftree-pre
  47              	@ -ftree-pta -ftree-reassoc -ftree-scev-cprop -ftree-sink
  48              	@ -ftree-slp-vectorize -ftree-sra -ftree-switch-conversion -ftree-ter
  49              	@ -ftree-vect-loop-version -ftree-vrp -funit-at-a-time -fverbose-asm
  50              	@ -fzero-initialized-in-bss -mlittle-endian -msched-prolog
  51              	
  52              	@ Compiler executable checksum: de80e2dacb9f8abf918a9a189330559b
  53              	
  54              		.text
  55              		.align	2
  56              		.global	initialiser_sorties_s0_s3
  57              		.type	initialiser_sorties_s0_s3, %function
ARM GAS  /var/folders/kw/_ttbspv15096pc01cxzg7nyh0000gn/T//ccJFYVd8.s 			page 2


  58              	initialiser_sorties_s0_s3:
  59              		@ args = 0, pretend = 0, frame = 0
  60              		@ frame_needed = 0, uses_anonymous_args = 0
  61              		@ link register save eliminated.
  62 0000 14309FE5 		ldr	r3, .L2	@ tmp136,
  63 0004 1726A0E3 		mov	r2, #24117248	@ tmp137,
  64 0008 1C2083E5 		str	r2, [r3, #28]	@ tmp137, MEM[(volatile uint32 *)-536707044B]
  65 000c 182093E5 		ldr	r2, [r3, #24]	@ D.1970, MEM[(volatile uint32 *)-536707048B]
  66 0010 172682E3 		orr	r2, r2, #24117248	@ D.1971, D.1970,
  67 0014 182083E5 		str	r2, [r3, #24]	@ D.1971, MEM[(volatile uint32 *)-536707048B]
  68 0018 1EFF2FE1 		bx	lr	@
  69              	.L3:
  70              		.align	2
  71              	.L2:
  72 001c 008002E0 		.word	-536707072
  73              		.size	initialiser_sorties_s0_s3, .-initialiser_sorties_s0_s3
  74              		.align	2
  75              		.global	allumer_sorties_s0_s3
  76              		.type	allumer_sorties_s0_s3, %function
  77              	allumer_sorties_s0_s3:
  78              		@ args = 0, pretend = 0, frame = 0
  79              		@ frame_needed = 0, uses_anonymous_args = 0
  80              		@ link register save eliminated.
  81 0020 013010E2 		ands	r3, r0, #1	@ tmp141, inValeur,
  82 0024 0136A013 		movne	r3, #1048576	@, v,
  83 0028 020010E3 		tst	r0, #2	@ inValeur,
  84 002c 01348313 		orrne	r3, r3, #16777216	@ v, v,
  85 0030 040010E3 		tst	r0, #4	@ inValeur,
  86 0034 02368313 		orrne	r3, r3, #2097152	@ v, v,
  87 0038 0C209FE5 		ldr	r2, .L10	@ tmp145,
  88 003c 080010E3 		tst	r0, #8	@ inValeur,
  89 0040 01358313 		orrne	r3, r3, #4194304	@ v, v,
  90 0044 143082E5 		str	r3, [r2, #20]	@ v, MEM[(volatile uint32 *)-536707052B]
  91 0048 1EFF2FE1 		bx	lr	@
  92              	.L11:
  93              		.align	2
  94              	.L10:
  95 004c 008002E0 		.word	-536707072
  96              		.size	allumer_sorties_s0_s3, .-allumer_sorties_s0_s3
  97              		.align	2
  98              		.global	eteindre_sorties_s0_s3
  99              		.type	eteindre_sorties_s0_s3, %function
 100              	eteindre_sorties_s0_s3:
 101              		@ args = 0, pretend = 0, frame = 0
 102              		@ frame_needed = 0, uses_anonymous_args = 0
 103              		@ link register save eliminated.
 104 0050 013010E2 		ands	r3, r0, #1	@ tmp141, inValeur,
 105 0054 0136A013 		movne	r3, #1048576	@, v,
 106 0058 020010E3 		tst	r0, #2	@ inValeur,
 107 005c 01348313 		orrne	r3, r3, #16777216	@ v, v,
 108 0060 040010E3 		tst	r0, #4	@ inValeur,
 109 0064 02368313 		orrne	r3, r3, #2097152	@ v, v,
 110 0068 0C209FE5 		ldr	r2, .L18	@ tmp145,
 111 006c 080010E3 		tst	r0, #8	@ inValeur,
 112 0070 01358313 		orrne	r3, r3, #4194304	@ v, v,
 113 0074 1C3082E5 		str	r3, [r2, #28]	@ v, MEM[(volatile uint32 *)-536707044B]
 114 0078 1EFF2FE1 		bx	lr	@
ARM GAS  /var/folders/kw/_ttbspv15096pc01cxzg7nyh0000gn/T//ccJFYVd8.s 			page 3


 115              	.L19:
 116              		.align	2
 117              	.L18:
 118 007c 008002E0 		.word	-536707072
 119              		.size	eteindre_sorties_s0_s3, .-eteindre_sorties_s0_s3
 120              		.ident	"GCC: (GNU) 4.6.1"
ARM GAS  /var/folders/kw/_ttbspv15096pc01cxzg7nyh0000gn/T//ccJFYVd8.s 			page 4


DEFINED SYMBOLS
                            *ABS*:00000000 sorties_s0_s3.c
/var/folders/kw/_ttbspv15096pc01cxzg7nyh0000gn/T//ccJFYVd8.s:55     .text:00000000 $a
/var/folders/kw/_ttbspv15096pc01cxzg7nyh0000gn/T//ccJFYVd8.s:58     .text:00000000 initialiser_sorties_s0_s3
/var/folders/kw/_ttbspv15096pc01cxzg7nyh0000gn/T//ccJFYVd8.s:72     .text:0000001c $d
/var/folders/kw/_ttbspv15096pc01cxzg7nyh0000gn/T//ccJFYVd8.s:74     .text:00000020 $a
/var/folders/kw/_ttbspv15096pc01cxzg7nyh0000gn/T//ccJFYVd8.s:77     .text:00000020 allumer_sorties_s0_s3
/var/folders/kw/_ttbspv15096pc01cxzg7nyh0000gn/T//ccJFYVd8.s:95     .text:0000004c $d
/var/folders/kw/_ttbspv15096pc01cxzg7nyh0000gn/T//ccJFYVd8.s:97     .text:00000050 $a
/var/folders/kw/_ttbspv15096pc01cxzg7nyh0000gn/T//ccJFYVd8.s:100    .text:00000050 eteindre_sorties_s0_s3
/var/folders/kw/_ttbspv15096pc01cxzg7nyh0000gn/T//ccJFYVd8.s:118    .text:0000007c $d

NO UNDEFINED SYMBOLS
