ARM GAS  /var/folders/kw/_ttbspv15096pc01cxzg7nyh0000gn/T//cctMN2JR.s 			page 1


   1              		.file	"application.c"
   2              	@ GNU C (GCC) version 4.6.1 (arm-elf)
   3              	@	compiled by GNU C version 4.0.1 (Apple Inc. build 5494), GMP version 5.0.2, MPFR version 3.0.1, M
   4              	@ GGC heuristics: --param ggc-min-expand=100 --param ggc-min-heapsize=131072
   5              	@ options passed:  -I sources -I /usr/local/dev-arm/arm-dev-files/sources
   6              	@ -I ../sources-communs
   7              	@ -iprefix /usr/local/dev-arm/i386-Darwin-arm-gcc-4.6.1/bin/../lib/gcc/arm-elf/4.6.1/
   8              	@ -MD zBUILDS/application.c.d -MF zBUILDS/application.c.o.dep -MP
   9              	@ -MQ zBUILDS/application.c.o -D__USES_INITFINI__ -D XTR_CLASS=0
  10              	@ -D LPC22XX_CRYSTAL_FREQUENCY=14745600
  11              	@ -D LPC22XX_PLL_FREQUENCY_MULTIPLIER=4 -D LPC22XX_APB_DIVIDER=1
  12              	@ sources/application.c -mcpu=arm7tdmi-s -mcpu=arm7tdmi-s
  13              	@ -auxbase-strip zBUILDS/application.c.o -O2 -Wall -Werror -Wreturn-type
  14              	@ -Wformat -Wsign-compare -Wpointer-arith -Wparentheses -Wcast-align
  15              	@ -Wcast-qual -Wwrite-strings -Wswitch -Wstrict-prototypes
  16              	@ -Wbad-function-cast -Wmissing-declarations
  17              	@ -Wimplicit-function-declaration -Wno-int-to-pointer-cast
  18              	@ -Wno-pointer-to-int-cast -fverbose-asm -fomit-frame-pointer
  19              	@ -foptimize-register-move
  20              	@ options enabled:  -fauto-inc-dec -fbranch-count-reg -fcaller-saves
  21              	@ -fcombine-stack-adjustments -fcommon -fcompare-elim -fcprop-registers
  22              	@ -fcrossjumping -fcse-follow-jumps -fdefer-pop
  23              	@ -fdelete-null-pointer-checks -fdevirtualize -fdwarf2-cfi-asm
  24              	@ -fearly-inlining -feliminate-unused-debug-types -fexpensive-optimizations
  25              	@ -fforward-propagate -ffunction-cse -fgcse -fgcse-lm
  26              	@ -fguess-branch-probability -fident -fif-conversion -fif-conversion2
  27              	@ -findirect-inlining -finline -finline-functions-called-once
  28              	@ -finline-small-functions -fipa-cp -fipa-profile -fipa-pure-const
  29              	@ -fipa-reference -fipa-sra -fira-share-save-slots -fira-share-spill-slots
  30              	@ -fivopts -fkeep-static-consts -fleading-underscore -fmath-errno
  31              	@ -fmerge-constants -fmerge-debug-strings -fmove-loop-invariants
  32              	@ -fomit-frame-pointer -foptimize-register-move -foptimize-sibling-calls
  33              	@ -fpartial-inlining -fpeephole -fpeephole2 -fprefetch-loop-arrays
  34              	@ -freg-struct-return -fregmove -freorder-blocks -freorder-functions
  35              	@ -frerun-cse-after-loop -fsched-critical-path-heuristic
  36              	@ -fsched-dep-count-heuristic -fsched-group-heuristic -fsched-interblock
  37              	@ -fsched-last-insn-heuristic -fsched-rank-heuristic -fsched-spec
  38              	@ -fsched-spec-insn-heuristic -fsched-stalled-insns-dep -fschedule-insns
  39              	@ -fschedule-insns2 -fsection-anchors -fshow-column -fsigned-zeros
  40              	@ -fsplit-ivs-in-unroller -fsplit-wide-types -fstrict-aliasing
  41              	@ -fstrict-overflow -fstrict-volatile-bitfields -fthread-jumps
  42              	@ -ftoplevel-reorder -ftrapping-math -ftree-bit-ccp -ftree-builtin-call-dce
  43              	@ -ftree-ccp -ftree-ch -ftree-copy-prop -ftree-copyrename -ftree-cselim
  44              	@ -ftree-dce -ftree-dominator-opts -ftree-dse -ftree-forwprop -ftree-fre
  45              	@ -ftree-loop-if-convert -ftree-loop-im -ftree-loop-ivcanon
  46              	@ -ftree-loop-optimize -ftree-parallelize-loops= -ftree-phiprop -ftree-pre
  47              	@ -ftree-pta -ftree-reassoc -ftree-scev-cprop -ftree-sink
  48              	@ -ftree-slp-vectorize -ftree-sra -ftree-switch-conversion -ftree-ter
  49              	@ -ftree-vect-loop-version -ftree-vrp -funit-at-a-time -fverbose-asm
  50              	@ -fzero-initialized-in-bss -mlittle-endian -msched-prolog
  51              	
  52              	@ Compiler executable checksum: de80e2dacb9f8abf918a9a189330559b
  53              	
  54              		.text
  55              		.align	2
  56              		.type	tache, %function
  57              	tache:
ARM GAS  /var/folders/kw/_ttbspv15096pc01cxzg7nyh0000gn/T//cctMN2JR.s 			page 2


  58              		@ args = 0, pretend = 0, frame = 4
  59              		@ frame_needed = 0, uses_anonymous_args = 0
  60 0000 30402DE9 		stmfd	sp!, {r4, r5, lr}	@,
  61 0004 04D04DE2 		sub	sp, sp, #4	@,,
  62 0008 0140A0E1 		mov	r4, r1	@ inArgument2, inArgument2
  63 000c 0050A0E1 		mov	r5, r0	@ inArgument1, inArgument1
  64 0010 FEFFFFEB 		bl	eteindre_sorties_s0_s3	@
  65 0014 0030A0E3 		mov	r3, #0	@ tmp144,
  66 0018 00308DE5 		str	r3, [sp, #0]	@ tmp144, j
  67 001c 00309DE5 		ldr	r3, [sp, #0]	@ j.2, j
  68 0020 030054E1 		cmp	r4, r3	@ inArgument2, j.2
  69 0024 0600009A 		bls	.L2	@,
  70              	.L7:
  71 0028 FEFFFFEB 		bl	swi_preempt	@
  72 002c 00309DE5 		ldr	r3, [sp, #0]	@ j.0, j
  73 0030 013083E2 		add	r3, r3, #1	@ j.1, j.0,
  74 0034 00308DE5 		str	r3, [sp, #0]	@ j.1, j
  75 0038 00309DE5 		ldr	r3, [sp, #0]	@ j.2, j
  76 003c 040053E1 		cmp	r3, r4	@ j.2, inArgument2
  77 0040 F8FFFF3A 		bcc	.L7	@,
  78              	.L2:
  79 0044 0500A0E1 		mov	r0, r5	@, inArgument1
  80 0048 FEFFFFEB 		bl	allumer_sorties_s0_s3	@
  81 004c 0030A0E3 		mov	r3, #0	@ tmp145,
  82 0050 00308DE5 		str	r3, [sp, #0]	@ tmp145, j
  83 0054 00309DE5 		ldr	r3, [sp, #0]	@ j.5, j
  84 0058 030054E1 		cmp	r4, r3	@ inArgument2, j.5
  85 005c 0600009A 		bls	.L1	@,
  86              	.L6:
  87 0060 FEFFFFEB 		bl	swi_preempt	@
  88 0064 00309DE5 		ldr	r3, [sp, #0]	@ j.3, j
  89 0068 013083E2 		add	r3, r3, #1	@ j.4, j.3,
  90 006c 00308DE5 		str	r3, [sp, #0]	@ j.4, j
  91 0070 00309DE5 		ldr	r3, [sp, #0]	@ j.5, j
  92 0074 030054E1 		cmp	r4, r3	@ inArgument2, j.5
  93 0078 F8FFFF8A 		bhi	.L6	@,
  94              	.L1:
  95 007c 04D08DE2 		add	sp, sp, #4	@,,
  96 0080 3080BDE8 		ldmfd	sp!, {r4, r5, pc}
  97              		.size	tache, .-tache
  98              		.align	2
  99              		.global	initialiser_application
 100              		.type	initialiser_application, %function
 101              	initialiser_application:
 102              		@ args = 0, pretend = 0, frame = 0
 103              		@ frame_needed = 0, uses_anonymous_args = 0
 104 0084 F0452DE9 		stmfd	sp!, {r4, r5, r6, r7, r8, sl, lr}	@,
 105 0088 BC409FE5 		ldr	r4, .L12	@ tmp134,
 106 008c 785084E2 		add	r5, r4, #120	@ tmp136, tmp134,
 107 0090 FEFFFFEB 		bl	initialiser_sorties_s0_s3	@
 108 0094 5E7F84E2 		add	r7, r4, #376	@ tmp138, tmp134,
 109 0098 FEFFFFEB 		bl	programmer_uart1	@
 110 009c 0400A0E1 		mov	r0, r4	@, tmp134
 111 00a0 0520A0E1 		mov	r2, r5	@, tmp136
 112 00a4 0010A0E3 		mov	r1, #0	@,
 113 00a8 013CA0E3 		mov	r3, #256	@,
 114 00ac FEFFFFEB 		bl	swi_create_task	@
ARM GAS  /var/folders/kw/_ttbspv15096pc01cxzg7nyh0000gn/T//cctMN2JR.s 			page 3


 115 00b0 1F6E84E2 		add	r6, r4, #496	@ tmp142, tmp134,
 116 00b4 0700A0E1 		mov	r0, r7	@, tmp138
 117 00b8 0520A0E1 		mov	r2, r5	@, tmp136
 118 00bc 0010A0E3 		mov	r1, #0	@,
 119 00c0 013CA0E3 		mov	r3, #256	@,
 120 00c4 FEFFFFEB 		bl	swi_create_task	@
 121 00c8 80A09FE5 		ldr	sl, .L12+4	@ tmp150,
 122 00cc 0600A0E1 		mov	r0, r6	@, tmp142
 123 00d0 0520A0E1 		mov	r2, r5	@, tmp136
 124 00d4 9A8F84E2 		add	r8, r4, #616	@ tmp146, tmp134,
 125 00d8 0010A0E3 		mov	r1, #0	@,
 126 00dc 013CA0E3 		mov	r3, #256	@,
 127 00e0 FEFFFFEB 		bl	swi_create_task	@
 128 00e4 0800A0E1 		mov	r0, r8	@, tmp146
 129 00e8 0520A0E1 		mov	r2, r5	@, tmp136
 130 00ec 0010A0E3 		mov	r1, #0	@,
 131 00f0 013CA0E3 		mov	r3, #256	@,
 132 00f4 FEFFFFEB 		bl	swi_create_task	@
 133 00f8 0400A0E1 		mov	r0, r4	@, tmp134
 134 00fc 0A10A0E1 		mov	r1, sl	@, tmp150
 135 0100 0120A0E3 		mov	r2, #1	@,
 136 0104 48309FE5 		ldr	r3, .L12+8	@,
 137 0108 FEFFFFEB 		bl	swi_start_task	@
 138 010c 0700A0E1 		mov	r0, r7	@, tmp138
 139 0110 0A10A0E1 		mov	r1, sl	@, tmp150
 140 0114 0220A0E3 		mov	r2, #2	@,
 141 0118 38309FE5 		ldr	r3, .L12+12	@,
 142 011c FEFFFFEB 		bl	swi_start_task	@
 143 0120 0600A0E1 		mov	r0, r6	@, tmp142
 144 0124 0A10A0E1 		mov	r1, sl	@, tmp150
 145 0128 0420A0E3 		mov	r2, #4	@,
 146 012c 28309FE5 		ldr	r3, .L12+16	@,
 147 0130 FEFFFFEB 		bl	swi_start_task	@
 148 0134 24309FE5 		ldr	r3, .L12+20	@,
 149 0138 0800A0E1 		mov	r0, r8	@, tmp146
 150 013c 0A10A0E1 		mov	r1, sl	@, tmp150
 151 0140 0820A0E3 		mov	r2, #8	@,
 152 0144 F045BDE8 		ldmfd	sp!, {r4, r5, r6, r7, r8, sl, lr}	@
 153 0148 FEFFFFEA 		b	swi_start_task	@
 154              	.L13:
 155              		.align	2
 156              	.L12:
 157 014c 00000000 		.word	.LANCHOR0
 158 0150 00000000 		.word	tache
 159 0154 20A10700 		.word	500000
 160 0158 40420F00 		.word	1000000
 161 015c 50C30000 		.word	50000
 162 0160 400D0300 		.word	200000
 163              		.size	initialiser_application, .-initialiser_application
 164              		.bss
 165              		.align	2
 166              		.set	.LANCHOR0,. + 0
 167              		.type	descripteurTache1, %object
 168              		.size	descripteurTache1, 120
 169              	descripteurTache1:
 170 0000 00000000 		.space	120
 170      00000000 
ARM GAS  /var/folders/kw/_ttbspv15096pc01cxzg7nyh0000gn/T//cctMN2JR.s 			page 4


 170      00000000 
 170      00000000 
 170      00000000 
 171              		.type	gPileTache, %object
 172              		.size	gPileTache, 256
 173              	gPileTache:
 174 0078 00000000 		.space	256
 174      00000000 
 174      00000000 
 174      00000000 
 174      00000000 
 175              		.type	descripteurTache2, %object
 176              		.size	descripteurTache2, 120
 177              	descripteurTache2:
 178 0178 00000000 		.space	120
 178      00000000 
 178      00000000 
 178      00000000 
 178      00000000 
 179              		.type	descripteurTache3, %object
 180              		.size	descripteurTache3, 120
 181              	descripteurTache3:
 182 01f0 00000000 		.space	120
 182      00000000 
 182      00000000 
 182      00000000 
 182      00000000 
 183              		.type	descripteurTache4, %object
 184              		.size	descripteurTache4, 120
 185              	descripteurTache4:
 186 0268 00000000 		.space	120
 186      00000000 
 186      00000000 
 186      00000000 
 186      00000000 
 187              		.ident	"GCC: (GNU) 4.6.1"
ARM GAS  /var/folders/kw/_ttbspv15096pc01cxzg7nyh0000gn/T//cctMN2JR.s 			page 5


DEFINED SYMBOLS
                            *ABS*:00000000 application.c
/var/folders/kw/_ttbspv15096pc01cxzg7nyh0000gn/T//cctMN2JR.s:55     .text:00000000 $a
/var/folders/kw/_ttbspv15096pc01cxzg7nyh0000gn/T//cctMN2JR.s:57     .text:00000000 tache
/var/folders/kw/_ttbspv15096pc01cxzg7nyh0000gn/T//cctMN2JR.s:101    .text:00000084 initialiser_application
/var/folders/kw/_ttbspv15096pc01cxzg7nyh0000gn/T//cctMN2JR.s:157    .text:0000014c $d
/var/folders/kw/_ttbspv15096pc01cxzg7nyh0000gn/T//cctMN2JR.s:165    .bss:00000000 $d
/var/folders/kw/_ttbspv15096pc01cxzg7nyh0000gn/T//cctMN2JR.s:169    .bss:00000000 descripteurTache1
/var/folders/kw/_ttbspv15096pc01cxzg7nyh0000gn/T//cctMN2JR.s:173    .bss:00000078 gPileTache
/var/folders/kw/_ttbspv15096pc01cxzg7nyh0000gn/T//cctMN2JR.s:177    .bss:00000178 descripteurTache2
/var/folders/kw/_ttbspv15096pc01cxzg7nyh0000gn/T//cctMN2JR.s:181    .bss:000001f0 descripteurTache3
/var/folders/kw/_ttbspv15096pc01cxzg7nyh0000gn/T//cctMN2JR.s:185    .bss:00000268 descripteurTache4

UNDEFINED SYMBOLS
eteindre_sorties_s0_s3
swi_preempt
allumer_sorties_s0_s3
initialiser_sorties_s0_s3
programmer_uart1
swi_create_task
swi_start_task
