ARM GAS  /var/folders/kw/_ttbspv15096pc01cxzg7nyh0000gn/T//ccjXqFzx.s 			page 1


   1              		.file	"main.c"
   2              	@ GNU C (GCC) version 4.6.1 (arm-elf)
   3              	@	compiled by GNU C version 4.0.1 (Apple Inc. build 5494), GMP version 5.0.2, MPFR version 3.0.1, M
   4              	@ GGC heuristics: --param ggc-min-expand=100 --param ggc-min-heapsize=131072
   5              	@ options passed:  -I sources -I /usr/local/dev-arm/arm-dev-files/sources
   6              	@ -I ../sources-communs
   7              	@ -iprefix /usr/local/dev-arm/i386-Darwin-arm-gcc-4.6.1/bin/../lib/gcc/arm-elf/4.6.1/
   8              	@ -MD zBUILDS/main.c.d -MF zBUILDS/main.c.o.dep -MP -MQ zBUILDS/main.c.o
   9              	@ -D__USES_INITFINI__ -D XTR_CLASS=0 -D LPC22XX_CRYSTAL_FREQUENCY=14745600
  10              	@ -D LPC22XX_PLL_FREQUENCY_MULTIPLIER=4 -D LPC22XX_APB_DIVIDER=1
  11              	@ sources/main.c -mcpu=arm7tdmi-s -mcpu=arm7tdmi-s
  12              	@ -auxbase-strip zBUILDS/main.c.o -O2 -Wall -Werror -Wreturn-type -Wformat
  13              	@ -Wsign-compare -Wpointer-arith -Wparentheses -Wcast-align -Wcast-qual
  14              	@ -Wwrite-strings -Wswitch -Wstrict-prototypes -Wbad-function-cast
  15              	@ -Wmissing-declarations -Wimplicit-function-declaration
  16              	@ -Wno-int-to-pointer-cast -Wno-pointer-to-int-cast -fverbose-asm
  17              	@ -fomit-frame-pointer -foptimize-register-move
  18              	@ options enabled:  -fauto-inc-dec -fbranch-count-reg -fcaller-saves
  19              	@ -fcombine-stack-adjustments -fcommon -fcompare-elim -fcprop-registers
  20              	@ -fcrossjumping -fcse-follow-jumps -fdefer-pop
  21              	@ -fdelete-null-pointer-checks -fdevirtualize -fdwarf2-cfi-asm
  22              	@ -fearly-inlining -feliminate-unused-debug-types -fexpensive-optimizations
  23              	@ -fforward-propagate -ffunction-cse -fgcse -fgcse-lm
  24              	@ -fguess-branch-probability -fident -fif-conversion -fif-conversion2
  25              	@ -findirect-inlining -finline -finline-functions-called-once
  26              	@ -finline-small-functions -fipa-cp -fipa-profile -fipa-pure-const
  27              	@ -fipa-reference -fipa-sra -fira-share-save-slots -fira-share-spill-slots
  28              	@ -fivopts -fkeep-static-consts -fleading-underscore -fmath-errno
  29              	@ -fmerge-constants -fmerge-debug-strings -fmove-loop-invariants
  30              	@ -fomit-frame-pointer -foptimize-register-move -foptimize-sibling-calls
  31              	@ -fpartial-inlining -fpeephole -fpeephole2 -fprefetch-loop-arrays
  32              	@ -freg-struct-return -fregmove -freorder-blocks -freorder-functions
  33              	@ -frerun-cse-after-loop -fsched-critical-path-heuristic
  34              	@ -fsched-dep-count-heuristic -fsched-group-heuristic -fsched-interblock
  35              	@ -fsched-last-insn-heuristic -fsched-rank-heuristic -fsched-spec
  36              	@ -fsched-spec-insn-heuristic -fsched-stalled-insns-dep -fschedule-insns
  37              	@ -fschedule-insns2 -fsection-anchors -fshow-column -fsigned-zeros
  38              	@ -fsplit-ivs-in-unroller -fsplit-wide-types -fstrict-aliasing
  39              	@ -fstrict-overflow -fstrict-volatile-bitfields -fthread-jumps
  40              	@ -ftoplevel-reorder -ftrapping-math -ftree-bit-ccp -ftree-builtin-call-dce
  41              	@ -ftree-ccp -ftree-ch -ftree-copy-prop -ftree-copyrename -ftree-cselim
  42              	@ -ftree-dce -ftree-dominator-opts -ftree-dse -ftree-forwprop -ftree-fre
  43              	@ -ftree-loop-if-convert -ftree-loop-im -ftree-loop-ivcanon
  44              	@ -ftree-loop-optimize -ftree-parallelize-loops= -ftree-phiprop -ftree-pre
  45              	@ -ftree-pta -ftree-reassoc -ftree-scev-cprop -ftree-sink
  46              	@ -ftree-slp-vectorize -ftree-sra -ftree-switch-conversion -ftree-ter
  47              	@ -ftree-vect-loop-version -ftree-vrp -funit-at-a-time -fverbose-asm
  48              	@ -fzero-initialized-in-bss -mlittle-endian -msched-prolog
  49              	
  50              	@ Compiler executable checksum: de80e2dacb9f8abf918a9a189330559b
  51              	
  52              		.section	.text.startup,"ax",%progbits
  53              		.align	2
  54              		.global	main
  55              		.type	main, %function
  56              	main:
  57              		@ args = 0, pretend = 0, frame = 4
ARM GAS  /var/folders/kw/_ttbspv15096pc01cxzg7nyh0000gn/T//ccjXqFzx.s 			page 2


  58              		@ frame_needed = 0, uses_anonymous_args = 0
  59 0000 30402DE9 		stmfd	sp!, {r4, r5, lr}	@,
  60 0004 A8409FE5 		ldr	r4, .L19	@ tmp151,
  61 0008 183094E5 		ldr	r3, [r4, #24]	@ D.1956, MEM[(volatile uint32 *)-536707048B]
  62 000c 0255A0E3 		mov	r5, #8388608	@ tmp154,
  63 0010 053083E1 		orr	r3, r3, r5	@ D.1957, D.1956,
  64 0014 183084E5 		str	r3, [r4, #24]	@ D.1957, MEM[(volatile uint32 *)-536707048B]
  65 0018 04D04DE2 		sub	sp, sp, #4	@,,
  66 001c 145084E5 		str	r5, [r4, #20]	@ tmp154, MEM[(volatile uint32 *)-536707052B]
  67 0020 1C5084E5 		str	r5, [r4, #28]	@ tmp154, MEM[(volatile uint32 *)-536707044B]
  68 0024 FEFFFFEB 		bl	initialiser_compteur_0	@
  69 0028 88109FE5 		ldr	r1, .L19+4	@ tmp191,
  70 002c 88209FE5 		ldr	r2, .L19+8	@ tmp192,
  71 0030 00C0A0E3 		mov	ip, #0	@ tmp190,
  72 0034 0100A0E3 		mov	r0, #1	@ tmp193,
  73              	.L16:
  74 0038 1C5084E5 		str	r5, [r4, #28]	@ MEM[(volatile uint32 *)-536707044B], MEM[(volatile uint32 *)-536707044B]
  75 003c 00C08DE5 		str	ip, [sp, #0]	@ tmp190, j
  76 0040 00309DE5 		ldr	r3, [sp, #0]	@ j.2, j
  77 0044 010053E1 		cmp	r3, r1	@ j.2, tmp191
  78 0048 090000CA 		bgt	.L2	@,
  79              	.L15:
  80 004c 003092E5 		ldr	r3, [r2, #0]	@ D.1976, MEM[(volatile uint32 *)-536854528B]
  81 0050 010013E3 		tst	r3, #1	@ D.1976,
  82 0054 FCFFFF0A 		beq	.L15	@,
  83 0058 000082E5 		str	r0, [r2, #0]	@ tmp193, MEM[(volatile uint32 *)-536854528B]
  84 005c 00309DE5 		ldr	r3, [sp, #0]	@ j.0, j
  85 0060 013083E2 		add	r3, r3, #1	@ j.1, j.0,
  86 0064 00308DE5 		str	r3, [sp, #0]	@ j.1, j
  87 0068 00309DE5 		ldr	r3, [sp, #0]	@ j.2, j
  88 006c 010053E1 		cmp	r3, r1	@ j.2, tmp191
  89 0070 F5FFFFDA 		ble	.L15	@,
  90              	.L2:
  91 0074 145084E5 		str	r5, [r4, #20]	@ MEM[(volatile uint32 *)-536707044B], MEM[(volatile uint32 *)-536707052B]
  92 0078 00C08DE5 		str	ip, [sp, #0]	@ tmp190, j
  93 007c 00309DE5 		ldr	r3, [sp, #0]	@ j.5, j
  94 0080 010053E1 		cmp	r3, r1	@ j.5, tmp191
  95 0084 EBFFFFCA 		bgt	.L16	@,
  96              	.L17:
  97 0088 003092E5 		ldr	r3, [r2, #0]	@ D.1980, MEM[(volatile uint32 *)-536854528B]
  98 008c 010013E3 		tst	r3, #1	@ D.1980,
  99 0090 FCFFFF0A 		beq	.L17	@,
 100 0094 000082E5 		str	r0, [r2, #0]	@ tmp193, MEM[(volatile uint32 *)-536854528B]
 101 0098 00309DE5 		ldr	r3, [sp, #0]	@ j.3, j
 102 009c 013083E2 		add	r3, r3, #1	@ j.4, j.3,
 103 00a0 00308DE5 		str	r3, [sp, #0]	@ j.4, j
 104 00a4 00309DE5 		ldr	r3, [sp, #0]	@ j.5, j
 105 00a8 010053E1 		cmp	r3, r1	@ j.5, tmp191
 106 00ac E1FFFFCA 		bgt	.L16	@,
 107 00b0 F4FFFFEA 		b	.L17	@
 108              	.L20:
 109              		.align	2
 110              	.L19:
 111 00b4 008002E0 		.word	-536707072
 112 00b8 E7030000 		.word	999
 113 00bc 004000E0 		.word	-536854528
 114              		.size	main, .-main
ARM GAS  /var/folders/kw/_ttbspv15096pc01cxzg7nyh0000gn/T//ccjXqFzx.s 			page 3


 115              		.text
 116              		.align	2
 117              		.global	top_periode
 118              		.type	top_periode, %function
 119              	top_periode:
 120              		@ args = 0, pretend = 0, frame = 0
 121              		@ frame_needed = 0, uses_anonymous_args = 0
 122              		@ link register save eliminated.
 123 0000 10309FE5 		ldr	r3, .L23	@ tmp138,
 124 0004 000093E5 		ldr	r0, [r3, #0]	@ D.1949, MEM[(volatile uint32 *)-536854528B]
 125 0008 010010E2 		ands	r0, r0, #1	@ result, D.1949,
 126 000c 0120A013 		movne	r2, #1	@ tmp142,
 127 0010 00208315 		strne	r2, [r3, #0]	@ tmp142, MEM[(volatile uint32 *)-536854528B]
 128 0014 1EFF2FE1 		bx	lr	@
 129              	.L24:
 130              		.align	2
 131              	.L23:
 132 0018 004000E0 		.word	-536854528
 133              		.size	top_periode, .-top_periode
 134              		.ident	"GCC: (GNU) 4.6.1"
ARM GAS  /var/folders/kw/_ttbspv15096pc01cxzg7nyh0000gn/T//ccjXqFzx.s 			page 4


DEFINED SYMBOLS
                            *ABS*:00000000 main.c
/var/folders/kw/_ttbspv15096pc01cxzg7nyh0000gn/T//ccjXqFzx.s:53     .text.startup:00000000 $a
/var/folders/kw/_ttbspv15096pc01cxzg7nyh0000gn/T//ccjXqFzx.s:56     .text.startup:00000000 main
/var/folders/kw/_ttbspv15096pc01cxzg7nyh0000gn/T//ccjXqFzx.s:111    .text.startup:000000b4 $d
/var/folders/kw/_ttbspv15096pc01cxzg7nyh0000gn/T//ccjXqFzx.s:116    .text:00000000 $a
/var/folders/kw/_ttbspv15096pc01cxzg7nyh0000gn/T//ccjXqFzx.s:119    .text:00000000 top_periode
/var/folders/kw/_ttbspv15096pc01cxzg7nyh0000gn/T//ccjXqFzx.s:132    .text:00000018 $d

UNDEFINED SYMBOLS
initialiser_compteur_0
