ARM GAS  /var/folders/kw/_ttbspv15096pc01cxzg7nyh0000gn/T//ccf9jfcg.s 			page 1


   1              		.file	"main.c"
   2              	@ GNU C (GCC) version 4.6.1 (arm-elf)
   3              	@	compiled by GNU C version 4.0.1 (Apple Inc. build 5494), GMP version 5.0.2, MPFR version 3.0.1, M
   4              	@ GGC heuristics: --param ggc-min-expand=100 --param ggc-min-heapsize=131072
   5              	@ options passed:  -I sources -I /usr/local/dev-arm/arm-dev-files/sources
   6              	@ -I ../sources-communs
   7              	@ -iprefix /usr/local/dev-arm/i386-Darwin-arm-gcc-4.6.1/bin/../lib/gcc/arm-elf/4.6.1/
   8              	@ -MD zBUILDS/main.c.d -MF zBUILDS/main.c.o.dep -MP -MQ zBUILDS/main.c.o
   9              	@ -D__USES_INITFINI__ -D XTR_CLASS=0 -D LPC22XX_CRYSTAL_FREQUENCY=14745600
  10              	@ -D LPC22XX_PLL_FREQUENCY_MULTIPLIER=4 -D LPC22XX_APB_DIVIDER=1
  11              	@ sources/main.c -mcpu=arm7tdmi-s -mcpu=arm7tdmi-s
  12              	@ -auxbase-strip zBUILDS/main.c.o -O2 -Wall -Werror -Wreturn-type -Wformat
  13              	@ -Wsign-compare -Wpointer-arith -Wparentheses -Wcast-align -Wcast-qual
  14              	@ -Wwrite-strings -Wswitch -Wstrict-prototypes -Wbad-function-cast
  15              	@ -Wmissing-declarations -Wimplicit-function-declaration
  16              	@ -Wno-int-to-pointer-cast -Wno-pointer-to-int-cast -fverbose-asm
  17              	@ -fomit-frame-pointer -foptimize-register-move
  18              	@ options enabled:  -fauto-inc-dec -fbranch-count-reg -fcaller-saves
  19              	@ -fcombine-stack-adjustments -fcommon -fcompare-elim -fcprop-registers
  20              	@ -fcrossjumping -fcse-follow-jumps -fdefer-pop
  21              	@ -fdelete-null-pointer-checks -fdevirtualize -fdwarf2-cfi-asm
  22              	@ -fearly-inlining -feliminate-unused-debug-types -fexpensive-optimizations
  23              	@ -fforward-propagate -ffunction-cse -fgcse -fgcse-lm
  24              	@ -fguess-branch-probability -fident -fif-conversion -fif-conversion2
  25              	@ -findirect-inlining -finline -finline-functions-called-once
  26              	@ -finline-small-functions -fipa-cp -fipa-profile -fipa-pure-const
  27              	@ -fipa-reference -fipa-sra -fira-share-save-slots -fira-share-spill-slots
  28              	@ -fivopts -fkeep-static-consts -fleading-underscore -fmath-errno
  29              	@ -fmerge-constants -fmerge-debug-strings -fmove-loop-invariants
  30              	@ -fomit-frame-pointer -foptimize-register-move -foptimize-sibling-calls
  31              	@ -fpartial-inlining -fpeephole -fpeephole2 -fprefetch-loop-arrays
  32              	@ -freg-struct-return -fregmove -freorder-blocks -freorder-functions
  33              	@ -frerun-cse-after-loop -fsched-critical-path-heuristic
  34              	@ -fsched-dep-count-heuristic -fsched-group-heuristic -fsched-interblock
  35              	@ -fsched-last-insn-heuristic -fsched-rank-heuristic -fsched-spec
  36              	@ -fsched-spec-insn-heuristic -fsched-stalled-insns-dep -fschedule-insns
  37              	@ -fschedule-insns2 -fsection-anchors -fshow-column -fsigned-zeros
  38              	@ -fsplit-ivs-in-unroller -fsplit-wide-types -fstrict-aliasing
  39              	@ -fstrict-overflow -fstrict-volatile-bitfields -fthread-jumps
  40              	@ -ftoplevel-reorder -ftrapping-math -ftree-bit-ccp -ftree-builtin-call-dce
  41              	@ -ftree-ccp -ftree-ch -ftree-copy-prop -ftree-copyrename -ftree-cselim
  42              	@ -ftree-dce -ftree-dominator-opts -ftree-dse -ftree-forwprop -ftree-fre
  43              	@ -ftree-loop-if-convert -ftree-loop-im -ftree-loop-ivcanon
  44              	@ -ftree-loop-optimize -ftree-parallelize-loops= -ftree-phiprop -ftree-pre
  45              	@ -ftree-pta -ftree-reassoc -ftree-scev-cprop -ftree-sink
  46              	@ -ftree-slp-vectorize -ftree-sra -ftree-switch-conversion -ftree-ter
  47              	@ -ftree-vect-loop-version -ftree-vrp -funit-at-a-time -fverbose-asm
  48              	@ -fzero-initialized-in-bss -mlittle-endian -msched-prolog
  49              	
  50              	@ Compiler executable checksum: de80e2dacb9f8abf918a9a189330559b
  51              	
  52              		.section	.text.startup,"ax",%progbits
  53              		.align	2
  54              		.global	main
  55              		.type	main, %function
  56              	main:
  57              		@ args = 0, pretend = 0, frame = 4
ARM GAS  /var/folders/kw/_ttbspv15096pc01cxzg7nyh0000gn/T//ccf9jfcg.s 			page 2


  58              		@ frame_needed = 0, uses_anonymous_args = 0
  59 0000 70402DE9 		stmfd	sp!, {r4, r5, r6, lr}	@,
  60 0004 70309FE5 		ldr	r3, .L10	@ tmp143,
  61 0008 181093E5 		ldr	r1, [r3, #24]	@ D.1941, MEM[(volatile uint32 *)-536707048B]
  62 000c 0225A0E3 		mov	r2, #8388608	@ tmp146,
  63 0010 021081E1 		orr	r1, r1, r2	@ D.1942, D.1941,
  64 0014 181083E5 		str	r1, [r3, #24]	@ D.1942, MEM[(volatile uint32 *)-536707048B]
  65 0018 04D04DE2 		sub	sp, sp, #4	@,,
  66 001c 142083E5 		str	r2, [r3, #20]	@ tmp146, MEM[(volatile uint32 *)-536707052B]
  67 0020 1C2083E5 		str	r2, [r3, #28]	@ tmp146, MEM[(volatile uint32 *)-536707044B]
  68 0024 FEFFFFEB 		bl	initialiser_sorties_s0_s3	@
  69 0028 50409FE5 		ldr	r4, .L10+4	@ tmp154,
  70 002c 0150A0E3 		mov	r5, #1	@ i,
  71 0030 0060A0E3 		mov	r6, #0	@ tmp153,
  72              	.L6:
  73 0034 0F00A0E3 		mov	r0, #15	@,
  74 0038 FEFFFFEB 		bl	eteindre_sorties_s0_s3	@
  75 003c 0500A0E1 		mov	r0, r5	@, i
  76 0040 FEFFFFEB 		bl	allumer_sorties_s0_s3	@
  77 0044 00608DE5 		str	r6, [sp, #0]	@ tmp153, j
  78 0048 00309DE5 		ldr	r3, [sp, #0]	@ j.3, j
  79 004c 040053E1 		cmp	r3, r4	@ j.3, tmp154
  80 0050 050000CA 		bgt	.L3	@,
  81              	.L7:
  82 0054 00309DE5 		ldr	r3, [sp, #0]	@ j.1, j
  83 0058 013083E2 		add	r3, r3, #1	@ j.2, j.1,
  84 005c 00308DE5 		str	r3, [sp, #0]	@ j.2, j
  85 0060 00309DE5 		ldr	r3, [sp, #0]	@ j.3, j
  86 0064 040053E1 		cmp	r3, r4	@ j.3, tmp154
  87 0068 F9FFFFDA 		ble	.L7	@,
  88              	.L3:
  89 006c 8550A0E1 		mov	r5, r5, asl #1	@ i, i,
  90 0070 080055E3 		cmp	r5, #8	@ i,
  91 0074 0150A0C3 		movgt	r5, #1	@ i,
  92 0078 EDFFFFEA 		b	.L6	@
  93              	.L11:
  94              		.align	2
  95              	.L10:
  96 007c 008002E0 		.word	-536707072
  97 0080 1FA10700 		.word	499999
  98              		.size	main, .-main
  99              		.ident	"GCC: (GNU) 4.6.1"
ARM GAS  /var/folders/kw/_ttbspv15096pc01cxzg7nyh0000gn/T//ccf9jfcg.s 			page 3


DEFINED SYMBOLS
                            *ABS*:00000000 main.c
/var/folders/kw/_ttbspv15096pc01cxzg7nyh0000gn/T//ccf9jfcg.s:53     .text.startup:00000000 $a
/var/folders/kw/_ttbspv15096pc01cxzg7nyh0000gn/T//ccf9jfcg.s:56     .text.startup:00000000 main
/var/folders/kw/_ttbspv15096pc01cxzg7nyh0000gn/T//ccf9jfcg.s:96     .text.startup:0000007c $d

UNDEFINED SYMBOLS
initialiser_sorties_s0_s3
eteindre_sorties_s0_s3
allumer_sorties_s0_s3
