ARM GAS  /var/folders/kw/_ttbspv15096pc01cxzg7nyh0000gn/T//ccWDKhSv.s 			page 1


   1              		.file	"application.c"
   2              	@ GNU C (GCC) version 4.6.1 (arm-elf)
   3              	@	compiled by GNU C version 4.0.1 (Apple Inc. build 5494), GMP version 5.0.2, MPFR version 3.0.1, M
   4              	@ GGC heuristics: --param ggc-min-expand=100 --param ggc-min-heapsize=131072
   5              	@ options passed:  -I sources -I /usr/local/dev-arm/arm-dev-files/sources
   6              	@ -I ../sources-communs
   7              	@ -iprefix /usr/local/dev-arm/i386-Darwin-arm-gcc-4.6.1/bin/../lib/gcc/arm-elf/4.6.1/
   8              	@ -MD zBUILDS/application.c.d -MF zBUILDS/application.c.o.dep -MP
   9              	@ -MQ zBUILDS/application.c.o -D__USES_INITFINI__ -D XTR_CLASS=0
  10              	@ -D LPC22XX_CRYSTAL_FREQUENCY=14745600
  11              	@ -D LPC22XX_PLL_FREQUENCY_MULTIPLIER=4 -D LPC22XX_APB_DIVIDER=1
  12              	@ sources/application.c -mcpu=arm7tdmi-s -mcpu=arm7tdmi-s
  13              	@ -auxbase-strip zBUILDS/application.c.o -O2 -Wall -Werror -Wreturn-type
  14              	@ -Wformat -Wsign-compare -Wpointer-arith -Wparentheses -Wcast-align
  15              	@ -Wcast-qual -Wwrite-strings -Wswitch -Wstrict-prototypes
  16              	@ -Wbad-function-cast -Wmissing-declarations
  17              	@ -Wimplicit-function-declaration -Wno-int-to-pointer-cast
  18              	@ -Wno-pointer-to-int-cast -fverbose-asm -fomit-frame-pointer
  19              	@ -foptimize-register-move
  20              	@ options enabled:  -fauto-inc-dec -fbranch-count-reg -fcaller-saves
  21              	@ -fcombine-stack-adjustments -fcommon -fcompare-elim -fcprop-registers
  22              	@ -fcrossjumping -fcse-follow-jumps -fdefer-pop
  23              	@ -fdelete-null-pointer-checks -fdevirtualize -fdwarf2-cfi-asm
  24              	@ -fearly-inlining -feliminate-unused-debug-types -fexpensive-optimizations
  25              	@ -fforward-propagate -ffunction-cse -fgcse -fgcse-lm
  26              	@ -fguess-branch-probability -fident -fif-conversion -fif-conversion2
  27              	@ -findirect-inlining -finline -finline-functions-called-once
  28              	@ -finline-small-functions -fipa-cp -fipa-profile -fipa-pure-const
  29              	@ -fipa-reference -fipa-sra -fira-share-save-slots -fira-share-spill-slots
  30              	@ -fivopts -fkeep-static-consts -fleading-underscore -fmath-errno
  31              	@ -fmerge-constants -fmerge-debug-strings -fmove-loop-invariants
  32              	@ -fomit-frame-pointer -foptimize-register-move -foptimize-sibling-calls
  33              	@ -fpartial-inlining -fpeephole -fpeephole2 -fprefetch-loop-arrays
  34              	@ -freg-struct-return -fregmove -freorder-blocks -freorder-functions
  35              	@ -frerun-cse-after-loop -fsched-critical-path-heuristic
  36              	@ -fsched-dep-count-heuristic -fsched-group-heuristic -fsched-interblock
  37              	@ -fsched-last-insn-heuristic -fsched-rank-heuristic -fsched-spec
  38              	@ -fsched-spec-insn-heuristic -fsched-stalled-insns-dep -fschedule-insns
  39              	@ -fschedule-insns2 -fsection-anchors -fshow-column -fsigned-zeros
  40              	@ -fsplit-ivs-in-unroller -fsplit-wide-types -fstrict-aliasing
  41              	@ -fstrict-overflow -fstrict-volatile-bitfields -fthread-jumps
  42              	@ -ftoplevel-reorder -ftrapping-math -ftree-bit-ccp -ftree-builtin-call-dce
  43              	@ -ftree-ccp -ftree-ch -ftree-copy-prop -ftree-copyrename -ftree-cselim
  44              	@ -ftree-dce -ftree-dominator-opts -ftree-dse -ftree-forwprop -ftree-fre
  45              	@ -ftree-loop-if-convert -ftree-loop-im -ftree-loop-ivcanon
  46              	@ -ftree-loop-optimize -ftree-parallelize-loops= -ftree-phiprop -ftree-pre
  47              	@ -ftree-pta -ftree-reassoc -ftree-scev-cprop -ftree-sink
  48              	@ -ftree-slp-vectorize -ftree-sra -ftree-switch-conversion -ftree-ter
  49              	@ -ftree-vect-loop-version -ftree-vrp -funit-at-a-time -fverbose-asm
  50              	@ -fzero-initialized-in-bss -mlittle-endian -msched-prolog
  51              	
  52              	@ Compiler executable checksum: de80e2dacb9f8abf918a9a189330559b
  53              	
  54              		.text
  55              		.align	2
  56              		.type	tache, %function
  57              	tache:
ARM GAS  /var/folders/kw/_ttbspv15096pc01cxzg7nyh0000gn/T//ccWDKhSv.s 			page 2


  58              		@ args = 0, pretend = 0, frame = 0
  59              		@ frame_needed = 0, uses_anonymous_args = 0
  60 0000 F0412DE9 		stmfd	sp!, {r4, r5, r6, r7, r8, lr}	@,
  61 0004 40409FE5 		ldr	r4, .L8	@ tmp147,
  62 0008 0170A0E1 		mov	r7, r1	@ inArgument2, inArgument2
  63 000c 0060A0E1 		mov	r6, r0	@ inArgument1, inArgument1
  64 0010 0050A0E3 		mov	r5, #0	@ echeance,
  65 0014 8180A0E1 		mov	r8, r1, asl #1	@ tmp148, inArgument2,
  66              	.L4:
  67 0018 0600A0E1 		mov	r0, r6	@, inArgument1
  68 001c FEFFFFEB 		bl	eteindre_sorties_s0_s3	@
  69 0020 072085E0 		add	r2, r5, r7	@ D.2150, echeance, inArgument2
  70              	.L2:
  71 0024 003094E5 		ldr	r3, [r4, #0]	@ gCurrentDate.0, gCurrentDate
  72 0028 020053E1 		cmp	r3, r2	@ gCurrentDate.0, D.2150
  73 002c FCFFFF3A 		bcc	.L2	@,
  74 0030 0600A0E1 		mov	r0, r6	@, inArgument1
  75 0034 FEFFFFEB 		bl	allumer_sorties_s0_s3	@
  76 0038 085085E0 		add	r5, r5, r8	@ echeance, echeance, tmp148
  77              	.L3:
  78 003c 003094E5 		ldr	r3, [r4, #0]	@ gCurrentDate.0, gCurrentDate
  79 0040 050053E1 		cmp	r3, r5	@ gCurrentDate.0, echeance
  80 0044 FCFFFF3A 		bcc	.L3	@,
  81 0048 F2FFFFEA 		b	.L4	@
  82              	.L9:
  83              		.align	2
  84              	.L8:
  85 004c 00000000 		.word	.LANCHOR0
  86              		.size	tache, .-tache
  87              		.align	2
  88              		.type	spit_compteur_0, %function
  89              	spit_compteur_0:
  90              		@ args = 0, pretend = 0, frame = 0
  91              		@ frame_needed = 0, uses_anonymous_args = 0
  92              		@ link register save eliminated.
  93 0050 18309FE5 		ldr	r3, .L11	@ tmp136,
  94 0054 0120A0E3 		mov	r2, #1	@ tmp137,
  95 0058 002083E5 		str	r2, [r3, #0]	@ tmp137, MEM[(volatile uint32 *)-536854528B]
  96 005c 10309FE5 		ldr	r3, .L11+4	@ tmp138,
  97 0060 002093E5 		ldr	r2, [r3, #0]	@ gCurrentDate.1, gCurrentDate
  98 0064 012082E2 		add	r2, r2, #1	@ gCurrentDate.2, gCurrentDate.1,
  99 0068 002083E5 		str	r2, [r3, #0]	@ gCurrentDate.2, gCurrentDate
 100 006c FEFFFFEA 		b	swi_preempt	@
 101              	.L12:
 102              		.align	2
 103              	.L11:
 104 0070 004000E0 		.word	-536854528
 105 0074 00000000 		.word	.LANCHOR0
 106              		.size	spit_compteur_0, .-spit_compteur_0
 107              		.align	2
 108              		.global	initialiser_application
 109              		.type	initialiser_application, %function
 110              	initialiser_application:
 111              		@ args = 0, pretend = 0, frame = 0
 112              		@ frame_needed = 0, uses_anonymous_args = 0
 113 0078 F0452DE9 		stmfd	sp!, {r4, r5, r6, r7, r8, sl, lr}	@,
 114 007c CC409FE5 		ldr	r4, .L14	@ tmp135,
ARM GAS  /var/folders/kw/_ttbspv15096pc01cxzg7nyh0000gn/T//ccWDKhSv.s 			page 3


 115 0080 0900A0E3 		mov	r0, #9	@,
 116 0084 7C6084E2 		add	r6, r4, #124	@ tmp138, tmp135,
 117 0088 C4109FE5 		ldr	r1, .L14+4	@,
 118 008c 047084E2 		add	r7, r4, #4	@ tmp136, tmp135,
 119 0090 FEFFFFEB 		bl	initialiser_compteur_0_it	@
 120 0094 5F8F84E2 		add	r8, r4, #380	@ tmp140, tmp135,
 121 0098 FEFFFFEB 		bl	initialiser_sorties_s0_s3	@
 122 009c FEFFFFEB 		bl	programmer_uart1	@
 123 00a0 0700A0E1 		mov	r0, r7	@, tmp136
 124 00a4 0620A0E1 		mov	r2, r6	@, tmp138
 125 00a8 0010A0E3 		mov	r1, #0	@,
 126 00ac 013CA0E3 		mov	r3, #256	@,
 127 00b0 FEFFFFEB 		bl	swi_create_task	@
 128 00b4 7DAF84E2 		add	sl, r4, #500	@ tmp144, tmp135,
 129 00b8 0800A0E1 		mov	r0, r8	@, tmp140
 130 00bc 0620A0E1 		mov	r2, r6	@, tmp138
 131 00c0 0010A0E3 		mov	r1, #0	@,
 132 00c4 013CA0E3 		mov	r3, #256	@,
 133 00c8 FEFFFFEB 		bl	swi_create_task	@
 134 00cc 84509FE5 		ldr	r5, .L14+8	@ tmp153,
 135 00d0 0A00A0E1 		mov	r0, sl	@, tmp144
 136 00d4 0620A0E1 		mov	r2, r6	@, tmp138
 137 00d8 9B4F84E2 		add	r4, r4, #620	@ tmp148, tmp135,
 138 00dc 0010A0E3 		mov	r1, #0	@,
 139 00e0 013CA0E3 		mov	r3, #256	@,
 140 00e4 FEFFFFEB 		bl	swi_create_task	@
 141 00e8 0400A0E1 		mov	r0, r4	@, tmp148
 142 00ec 0620A0E1 		mov	r2, r6	@, tmp138
 143 00f0 0010A0E3 		mov	r1, #0	@,
 144 00f4 013CA0E3 		mov	r3, #256	@,
 145 00f8 FEFFFFEB 		bl	swi_create_task	@
 146 00fc 0700A0E1 		mov	r0, r7	@, tmp136
 147 0100 0510A0E1 		mov	r1, r5	@, tmp153
 148 0104 0120A0E3 		mov	r2, #1	@,
 149 0108 7D3FA0E3 		mov	r3, #500	@,
 150 010c FEFFFFEB 		bl	swi_start_task	@
 151 0110 0800A0E1 		mov	r0, r8	@, tmp140
 152 0114 0510A0E1 		mov	r1, r5	@, tmp153
 153 0118 0220A0E3 		mov	r2, #2	@,
 154 011c FA3FA0E3 		mov	r3, #1000	@,
 155 0120 FEFFFFEB 		bl	swi_start_task	@
 156 0124 0A00A0E1 		mov	r0, sl	@, tmp144
 157 0128 0510A0E1 		mov	r1, r5	@, tmp153
 158 012c 0420A0E3 		mov	r2, #4	@,
 159 0130 7D3EA0E3 		mov	r3, #2000	@,
 160 0134 FEFFFFEB 		bl	swi_start_task	@
 161 0138 0400A0E1 		mov	r0, r4	@, tmp148
 162 013c 0510A0E1 		mov	r1, r5	@, tmp153
 163 0140 0820A0E3 		mov	r2, #8	@,
 164 0144 FA3EA0E3 		mov	r3, #4000	@,
 165 0148 F045BDE8 		ldmfd	sp!, {r4, r5, r6, r7, r8, sl, lr}	@
 166 014c FEFFFFEA 		b	swi_start_task	@
 167              	.L15:
 168              		.align	2
 169              	.L14:
 170 0150 00000000 		.word	.LANCHOR0
 171 0154 00000000 		.word	spit_compteur_0
ARM GAS  /var/folders/kw/_ttbspv15096pc01cxzg7nyh0000gn/T//ccWDKhSv.s 			page 4


 172 0158 00000000 		.word	tache
 173              		.size	initialiser_application, .-initialiser_application
 174              		.bss
 175              		.align	2
 176              		.set	.LANCHOR0,. + 0
 177              		.type	gCurrentDate, %object
 178              		.size	gCurrentDate, 4
 179              	gCurrentDate:
 180 0000 00000000 		.space	4
 181              		.type	descripteurTache1, %object
 182              		.size	descripteurTache1, 120
 183              	descripteurTache1:
 184 0004 00000000 		.space	120
 184      00000000 
 184      00000000 
 184      00000000 
 184      00000000 
 185              		.type	gPileTache, %object
 186              		.size	gPileTache, 256
 187              	gPileTache:
 188 007c 00000000 		.space	256
 188      00000000 
 188      00000000 
 188      00000000 
 188      00000000 
 189              		.type	descripteurTache2, %object
 190              		.size	descripteurTache2, 120
 191              	descripteurTache2:
 192 017c 00000000 		.space	120
 192      00000000 
 192      00000000 
 192      00000000 
 192      00000000 
 193              		.type	descripteurTache3, %object
 194              		.size	descripteurTache3, 120
 195              	descripteurTache3:
 196 01f4 00000000 		.space	120
 196      00000000 
 196      00000000 
 196      00000000 
 196      00000000 
 197              		.type	descripteurTache4, %object
 198              		.size	descripteurTache4, 120
 199              	descripteurTache4:
 200 026c 00000000 		.space	120
 200      00000000 
 200      00000000 
 200      00000000 
 200      00000000 
 201              		.ident	"GCC: (GNU) 4.6.1"
ARM GAS  /var/folders/kw/_ttbspv15096pc01cxzg7nyh0000gn/T//ccWDKhSv.s 			page 5


DEFINED SYMBOLS
                            *ABS*:00000000 application.c
/var/folders/kw/_ttbspv15096pc01cxzg7nyh0000gn/T//ccWDKhSv.s:55     .text:00000000 $a
/var/folders/kw/_ttbspv15096pc01cxzg7nyh0000gn/T//ccWDKhSv.s:57     .text:00000000 tache
/var/folders/kw/_ttbspv15096pc01cxzg7nyh0000gn/T//ccWDKhSv.s:85     .text:0000004c $d
/var/folders/kw/_ttbspv15096pc01cxzg7nyh0000gn/T//ccWDKhSv.s:87     .text:00000050 $a
/var/folders/kw/_ttbspv15096pc01cxzg7nyh0000gn/T//ccWDKhSv.s:89     .text:00000050 spit_compteur_0
/var/folders/kw/_ttbspv15096pc01cxzg7nyh0000gn/T//ccWDKhSv.s:104    .text:00000070 $d
/var/folders/kw/_ttbspv15096pc01cxzg7nyh0000gn/T//ccWDKhSv.s:107    .text:00000078 $a
/var/folders/kw/_ttbspv15096pc01cxzg7nyh0000gn/T//ccWDKhSv.s:110    .text:00000078 initialiser_application
/var/folders/kw/_ttbspv15096pc01cxzg7nyh0000gn/T//ccWDKhSv.s:170    .text:00000150 $d
/var/folders/kw/_ttbspv15096pc01cxzg7nyh0000gn/T//ccWDKhSv.s:175    .bss:00000000 $d
/var/folders/kw/_ttbspv15096pc01cxzg7nyh0000gn/T//ccWDKhSv.s:179    .bss:00000000 gCurrentDate
/var/folders/kw/_ttbspv15096pc01cxzg7nyh0000gn/T//ccWDKhSv.s:183    .bss:00000004 descripteurTache1
/var/folders/kw/_ttbspv15096pc01cxzg7nyh0000gn/T//ccWDKhSv.s:187    .bss:0000007c gPileTache
/var/folders/kw/_ttbspv15096pc01cxzg7nyh0000gn/T//ccWDKhSv.s:191    .bss:0000017c descripteurTache2
/var/folders/kw/_ttbspv15096pc01cxzg7nyh0000gn/T//ccWDKhSv.s:195    .bss:000001f4 descripteurTache3
/var/folders/kw/_ttbspv15096pc01cxzg7nyh0000gn/T//ccWDKhSv.s:199    .bss:0000026c descripteurTache4

UNDEFINED SYMBOLS
eteindre_sorties_s0_s3
allumer_sorties_s0_s3
swi_preempt
initialiser_compteur_0_it
initialiser_sorties_s0_s3
programmer_uart1
swi_create_task
swi_start_task
